#
# A fatal error has been detected by the Java Runtime Environment:
#
#  EXCEPTION_ACCESS_VIOLATION (0xc0000005) at pc=0x000002ad40dd205d, pid=6168, tid=12112
#
# JRE version: Java(TM) SE Runtime Environment (17.0.7+8) (build 17.0.7+8-LTS-224)
# Java VM: Java HotSpot(TM) 64-Bit Server VM (17.0.7+8-LTS-224, mixed mode, sharing, tiered, compressed oops, compressed class ptrs, g1 gc, windows-amd64)
# Problematic frame:
# v  ~BufferBlob::I2C/C2I adapters
#
# No core dump will be written. Minidumps are not enabled by default on client versions of Windows
#
# If you would like to submit a bug report, please visit:
#   https://bugreport.java.com/bugreport/crash.jsp
#

---------------  S U M M A R Y ------------

Command Line: -Dclassworlds.conf=E:\\apache-maven-3.8.8\\bin\\m2.conf -Dmaven.home=E:\\apache-maven-3.8.8 -Dlibrary.jansi.path=E:\\apache-maven-3.8.8\\lib\\jansi-native -Dmaven.multiModuleProjectDirectory=E:\\Information_and_Technology_University\\Licence_3\\Semestre_6\\Mr_Naina\\Kombarika org.codehaus.plexus.classworlds.launcher.Launcher clean install

Host: Intel(R) Core(TM) i7-7700HQ CPU @ 2.80GHz, 8 cores, 15G,  Windows 10 , 64 bit Build 19041 (10.0.19041.3636)
Time: Sat Mar  9 22:29:57 2024 E. Africa Standard Time elapsed time: 1.170683 seconds (0d 0h 0m 1s)

---------------  T H R E A D  ---------------

Current thread (0x000002ad31fc31b0):  JavaThread "main" [_thread_in_Java, id=12112, stack(0x000000ecdea00000,0x000000ecdeb00000)]

Stack: [0x000000ecdea00000,0x000000ecdeb00000],  sp=0x000000ecdeafdc98,  free space=1015k
Native frames: (J=compiled Java code, j=interpreted, Vv=VM code, C=native code)
C  0x000002ad40dd205d


siginfo: EXCEPTION_ACCESS_VIOLATION (0xc0000005), reading address 0xffffffffffffffff


Register to memory mapping:

RIP=0x000002ad40dd205d is at code_begin+93 in an AdapterHandler
Adapter for signature: 0x000002ad40dd205d is at code_begin+93 in 
[CodeBlob (0x000002ad40dd1f90)]
Framesize: 0
BufferBlob (0x000002ad40dd1f90) used for I2C/C2I adapters
RAX=0x0 is NULL
RBX=0x020002ad5563ac58 is an unknown value
RCX=0x0000000000000110 is an unknown value
RDX=0x000000070fc77f80 is an oop: com.google.inject.spi.InjectionPoint$InjectableMethod 
{0x000000070fc77f80} - klass: 'com/google/inject/spi/InjectionPoint$InjectableMethod'
 - ---- fields (total size 4 words):
 - final 'optional' 'Z' @12  false
 - final 'jsr330' 'Z' @13  true
 - final 'declaringType' 'Lcom/google/inject/TypeLiteral;' @16  a 'com/google/inject/TypeLiteral'{0x000000070fc76db8} (e1f8edb7)
 - 'previous' 'Lcom/google/inject/spi/InjectionPoint$InjectableMember;' @20  NULL (0)
 - 'next' 'Lcom/google/inject/spi/InjectionPoint$InjectableMember;' @24  NULL (0)
 - 'overrodeGuiceInject' 'Z' @14  false
 - final 'method' 'Ljava/lang/reflect/Method;' @28  a 'java/lang/reflect/Method'{0x000000070fc77468} (e1f8ee8d)
RSP=0x000000ecdeafdc98 is pointing into the stack for thread: 0x000002ad31fc31b0
RBP=0x000000ecdeafded0 is pointing into the stack for thread: 0x000002ad31fc31b0
RSI=0x0000000000000002 is an unknown value
RDI=0x0000000000000103 is an unknown value
R8 =0x000000070fc76e88 is an oop: com.google.inject.internal.Errors 
{0x000000070fc76e88} - klass: 'com/google/inject/internal/Errors'
 - ---- fields (total size 4 words):
 - private final 'root' 'Lcom/google/inject/internal/Errors;' @12  a 'com/google/inject/internal/Errors'{0x000000070fc76e88} (e1f8edd1)
 - private final 'parent' 'Lcom/google/inject/internal/Errors;' @16  NULL (0)
 - private final 'source' 'Ljava/lang/Object;' @20  "[unknown source]"{0x00000007104ddfd8} (e209bbfb)
 - private 'errors' 'Ljava/util/List;' @24  NULL (0)
R9 =0x000000070fc77fa0 is an oop: [Ljava.lang.annotation.Annotation; 
{0x000000070fc77fa0} - klass: 'java/lang/annotation/Annotation'[]
 - length: 1
R10=0x000002ad30141000 points into unknown readable memory: 0x0000000000000000 | 00 00 00 00 00 00 00 00
R11=0x000000000000022a is an unknown value
R12=0x0 is NULL
R13=0x0000000000000621 is an unknown value
R14=0x000000ecdeafdbf8 is pointing into the stack for thread: 0x000002ad31fc31b0
R15=0x000002ad31fc31b0 is a thread


Registers:
RAX=0x0000000000000000, RBX=0x020002ad5563ac58, RCX=0x0000000000000110, RDX=0x000000070fc77f80
RSP=0x000000ecdeafdc98, RBP=0x000000ecdeafded0, RSI=0x0000000000000002, RDI=0x0000000000000103
R8 =0x000000070fc76e88, R9 =0x000000070fc77fa0, R10=0x000002ad30141000, R11=0x000000000000022a
R12=0x0000000000000000, R13=0x0000000000000621, R14=0x000000ecdeafdbf8, R15=0x000002ad31fc31b0
RIP=0x000002ad40dd205d, EFLAGS=0x0000000000010202

Top of Stack: (sp=0x000000ecdeafdc98)
0x000000ecdeafdc98:   000002ad39adc64c 00000008000021e8
0x000000ecdeafdca8:   0000000000000000 000000ecdeafdcc8
0x000000ecdeafdcb8:   000000ecdeafdd20 000002ad40d89612
0x000000ecdeafdcc8:   0000000710507288 000000071022d498
0x000000ecdeafdcd8:   000000ecdeafdcd8 000002ad55516afb
0x000000ecdeafdce8:   000000ecdeafdd38 000002ad55516ea0
0x000000ecdeafdcf8:   0000000000000000 00000007105d94c0
0x000000ecdeafdd08:   000002ad55516b30 0000000000000000
0x000000ecdeafdd18:   000000ecdeafdd30 000000ecdeafdd88
0x000000ecdeafdd28:   000002ad40d89abb 0000000000000000
0x000000ecdeafdd38:   000000070fc76e88 000000070fc76ea8
0x000000ecdeafdd48:   000000070fc76ec0 0000000000000000
0x000000ecdeafdd58:   0000000400000000 000000070fc76db8
0x000000ecdeafdd68:   000000070fc76f28 000000070fc77070
0x000000ecdeafdd78:   0000000b00000005 000000ecdeafdd98
0x000000ecdeafdd88:   000000070fc770b8 000000070fc77468 

Instructions: (pc=0x000002ad40dd205d)
0x000002ad40dd1f5d:   00 00 00 00 00 00 00 00 00 00 00 00 00 00 00 00
0x000002ad40dd1f6d:   00 00 00 00 00 00 00 00 00 00 00 00 00 00 00 00
0x000002ad40dd1f7d:   00 00 00 06 00 00 00 00 00 00 00 01 00 00 00 00
0x000002ad40dd1f8d:   00 00 00 28 c4 dc b4 fe 7f 00 00 00 00 00 00 28
0x000002ad40dd1f9d:   02 00 00 68 00 00 00 ff ff ff ff 28 02 00 00 00
0x000002ad40dd1fad:   00 00 00 00 20 dd 40 ad 02 00 00 b8 21 dd 40 ad
0x000002ad40dd1fbd:   02 00 00 00 20 dd 40 ad 02 00 00 b8 21 dd 40 ad
0x000002ad40dd1fcd:   02 00 00 f8 1f dd 40 ad 02 00 00 00 20 dd 40 ad
0x000002ad40dd1fdd:   02 00 00 00 00 00 00 00 00 00 00 00 00 00 00 00
0x000002ad40dd1fed:   00 00 00 20 cd dc b4 fe 7f 00 00 45 64 13 64 3d
0x000002ad40dd1ffd:   64 8d 60 48 8b 04 24 4c 8b dc 48 83 e4 f0 50 49
0x000002ad40dd200d:   8b c3 4c 8b 5b 40 48 8b 50 10 4c 8b 40 08 49 89
0x000002ad40dd201d:   9f d8 02 00 00 48 8b c3 41 ff e3 8b 5a 08 49 ba
0x000002ad40dd202d:   00 00 00 00 08 00 00 00 49 03 da 48 3b 58 08 48
0x000002ad40dd203d:   8b 18 0f 84 05 00 00 00 e9 36 aa ff ff 48 81 7b
0x000002ad40dd204d:   48 00 00 00 00 0f 84 43 01 00 00 e9 23 aa ff ff
0x000002ad40dd205d:   44 8b 53 28 41 f7 c2 08 00 00 00 0f 84 2c 00 00
0x000002ad40dd206d:   00 4c 8b 53 08 4d 8b 52 08 4d 8b 52 18 41 80 ba
0x000002ad40dd207d:   33 01 00 00 04 0f 84 12 00 00 00 4d 3b ba 38 01
0x000002ad40dd208d:   00 00 0f 84 05 00 00 00 e9 e6 a3 ff ff 48 81 7b
0x000002ad40dd209d:   48 00 00 00 00 0f 84 f3 00 00 00 4c 8b ec 48 8b
0x000002ad40dd20ad:   04 24 48 83 e4 f0 9c 48 83 ec 08 48 81 ec 80 00
0x000002ad40dd20bd:   00 00 48 89 44 24 78 48 89 4c 24 70 48 89 54 24
0x000002ad40dd20cd:   68 48 89 5c 24 60 48 89 6c 24 50 48 89 74 24 48
0x000002ad40dd20dd:   48 89 7c 24 40 4c 89 44 24 38 4c 89 4c 24 30 4c
0x000002ad40dd20ed:   89 54 24 28 4c 89 5c 24 20 4c 89 64 24 18 4c 89
0x000002ad40dd20fd:   6c 24 10 4c 89 74 24 08 4c 89 3c 24 48 81 ec 80
0x000002ad40dd210d:   0a 00 00 48 0f ae 04 24 c5 f8 77 48 83 ec 20 48
0x000002ad40dd211d:   8b cb 48 8b d0 49 ba 00 cf bc b4 fe 7f 00 00 41
0x000002ad40dd212d:   ff d2 48 83 c4 20 c5 f8 77 48 0f ae 0c 24 48 81
0x000002ad40dd213d:   c4 80 0a 00 00 4c 8b 3c 24 4c 8b 74 24 08 4c 8b
0x000002ad40dd214d:   6c 24 10 4c 8b 64 24 18 4c 8b 5c 24 20 4c 8b 54 


Stack slot to memory mapping:
stack at sp + 0 slots: 0x000002ad39adc64c is at entry_point+5708 in (nmethod*)0x000002ad39adaa90
stack at sp + 1 slots: {method} {0x00000008000021f0} 'isAnnotationPresent' '(Ljava/lang/Class;)Z' in 'java/lang/Class'
stack at sp + 2 slots: 0x0 is NULL
stack at sp + 3 slots: 0x000000ecdeafdcc8 is pointing into the stack for thread: 0x000002ad31fc31b0
stack at sp + 4 slots: 0x000000ecdeafdd20 is pointing into the stack for thread: 0x000002ad31fc31b0
stack at sp + 5 slots: 0x000002ad40d89612 is at code_begin+1394 in an Interpreter codelet
return entry points  [0x000002ad40d890a0, 0x000002ad40d89ba0]  2816 bytes
stack at sp + 6 slots: 0x0000000710507288 is an oop: java.lang.Class 
{0x0000000710507288} - klass: 'java/lang/Class'
 - ---- fields (total size 14 words):
 - private volatile transient 'classRedefinedCount' 'I' @12  0
 - private volatile transient 'cachedConstructor' 'Ljava/lang/reflect/Constructor;' @40  NULL (0)
 - private transient 'name' 'Ljava/lang/String;' @44  "org.codehaus.plexus.component.annotations.Component"{0x00000007105080f8} (e20a101f)
 - private transient 'module' 'Ljava/lang/Module;' @48  a 'java/lang/Module'{0x0000000710420c28} (e2084185)
 - private final 'classLoader' 'Ljava/lang/ClassLoader;' @52  a 'org/codehaus/plexus/classworlds/realm/ClassRealm'{0x0000000710420320} (e2084064)
 - private transient 'classData' 'Ljava/lang/Object;' @56  NULL (0)
 - private transient 'packageName' 'Ljava/lang/String;' @60  "org.codehaus.plexus.component.annotations"{0x00000007105079c8} (e20a0f39)
 - private final 'componentType' 'Ljava/lang/Class;' @64  NULL (0)
 - private volatile transient 'reflectionData' 'Ljava/lang/ref/SoftReference;' @68  a 'java/lang/ref/SoftReference'{0x000000070fef4e90} (e1fde9d2)
 - private volatile transient 'genericInfo' 'Lsun/reflect/generics/repository/ClassRepository;' @72  NULL (0)
 - private volatile transient 'enumConstants' '[Ljava/lang/Object;' @76  NULL (0)
 - private volatile transient 'enumConstantDirectory' 'Ljava/util/Map;' @80  NULL (0)
 - private volatile transient 'annotationData' 'Ljava/lang/Class$AnnotationData;' @84  a 'java/lang/Class$AnnotationData'{0x000000070ff12b90} (e1fe2572)
 - private volatile transient 'annotationType' 'Lsun/reflect/annotation/AnnotationType;' @88  a 'sun/reflect/annotation/AnnotationType'{0x000000070fef4e18} (e1fde9c3)
 - transient 'classValueMap' 'Ljava/lang/ClassValue$ClassValueMap;' @92  NULL (0)
 - signature: Lorg/codehaus/plexus/component/annotations/Component;
 - fake entry for mirror: 'org/codehaus/plexus/component/annotations/Component'
 - fake entry for array: NULL
 - fake entry for oop_size: 14
 - fake entry for static_oop_field_count: 0
stack at sp + 7 slots: 0x000000071022d498 is an oop: java.lang.Class 
{0x000000071022d498} - klass: 'java/lang/Class'
 - ---- fields (total size 14 words):
 - private volatile transient 'classRedefinedCount' 'I' @12  0
 - private volatile transient 'cachedConstructor' 'Ljava/lang/reflect/Constructor;' @40  NULL (0)
 - private transient 'name' 'Ljava/lang/String;' @44  "org.codehaus.plexus.context.DefaultContext"{0x000000071022dfc0} (e2045bf8)
 - private transient 'module' 'Ljava/lang/Module;' @48  a 'java/lang/Module'{0x0000000710420c28} (e2084185)
 - private final 'classLoader' 'Ljava/lang/ClassLoader;' @52  a 'org/codehaus/plexus/classworlds/realm/ClassRealm'{0x0000000710420320} (e2084064)
 - private transient 'classData' 'Ljava/lang/Object;' @56  NULL (0)
 - private transient 'packageName' 'Ljava/lang/String;' @60  "org.codehaus.plexus.context"{0x00000007104dc438} (e209b887)
 - private final 'componentType' 'Ljava/lang/Class;' @64  NULL (0)
 - private volatile transient 'reflectionData' 'Ljava/lang/ref/SoftReference;' @68  a 'java/lang/ref/SoftReference'{0x000000071022e018} (e2045c03)
 - private volatile transient 'genericInfo' 'Lsun/reflect/generics/repository/ClassRepository;' @72  a 'sun/reflect/generics/repository/ClassRepository'{0x00000007104d6b38} (e209ad67)
 - private volatile transient 'enumConstants' '[Ljava/lang/Object;' @76  NULL (0)
 - private volatile transient 'enumConstantDirectory' 'Ljava/util/Map;' @80  NULL (0)
 - private volatile transient 'annotationData' 'Ljava/lang/Class$AnnotationData;' @84  a 'java/lang/Class$AnnotationData'{0x000000070fc76d08} (e1f8eda1)
 - private volatile transient 'annotationType' 'Lsun/reflect/annotation/AnnotationType;' @88  NULL (0)
 - transient 'classValueMap' 'Ljava/lang/ClassValue$ClassValueMap;' @92  NULL (0)
 - signature: Lorg/codehaus/plexus/context/DefaultContext;
 - fake entry for mirror: 'org/codehaus/plexus/context/DefaultContext'
 - fake entry for array: NULL
 - fake entry for oop_size: 14
 - fake entry for static_oop_field_count: 0

--------------------------------------------------------------------------------
Decoding CodeBlob, name: I2C/C2I adapters, at  [0x000002ad40dd2000, 0x000002ad40dd21b8]  440 bytes
[MachCode]
  0x000002ad40dd2000: 488b 0424 | 4c8b dc48 | 83e4 f050 | 498b c34c | 8b5b 4048 | 8b50 104c | 8b40 0849 | 899f d802 
  0x000002ad40dd2020: 0000 488b | c341 ffe3 | 8b5a 0849 | ba00 0000 | 0008 0000 | 0049 03da | 483b 5808 | 488b 180f 
  0x000002ad40dd2040: 8405 0000 | 00e9 36aa | ffff 4881 | 7b48 0000 | 0000 0f84 | 4301 0000 | e923 aaff | ff44 8b53 
  0x000002ad40dd2060: 2841 f7c2 | 0800 0000 | 0f84 2c00 | 0000 4c8b | 5308 4d8b | 5208 4d8b | 5218 4180 | ba33 0100 
  0x000002ad40dd2080: 0004 0f84 | 1200 0000 | 4d3b ba38 | 0100 000f | 8405 0000 | 00e9 e6a3 | ffff 4881 | 7b48 0000 
  0x000002ad40dd20a0: 0000 0f84 | f300 0000 | 4c8b ec48 | 8b04 2448 | 83e4 f09c | 4883 ec08 | 4881 ec80 | 0000 0048 
  0x000002ad40dd20c0: 8944 2478 | 4889 4c24 | 7048 8954 | 2468 4889 | 5c24 6048 | 896c 2450 | 4889 7424 | 4848 897c 
  0x000002ad40dd20e0: 2440 4c89 | 4424 384c | 894c 2430 | 4c89 5424 | 284c 895c | 2420 4c89 | 6424 184c | 896c 2410 
  0x000002ad40dd2100: 4c89 7424 | 084c 893c | 2448 81ec | 800a 0000 | 480f ae04 | 24c5 f877 | 4883 ec20 | 488b cb48 
  0x000002ad40dd2120: 8bd0 49ba | 00cf bcb4 | fe7f 0000 | 41ff d248 | 83c4 20c5 | f877 480f | ae0c 2448 | 81c4 800a 
  0x000002ad40dd2140: 0000 4c8b | 3c24 4c8b | 7424 084c | 8b6c 2410 | 4c8b 6424 | 184c 8b5c | 2420 4c8b | 5424 284c 
  0x000002ad40dd2160: 8b4c 2430 | 4c8b 4424 | 3848 8b7c | 2440 488b | 7424 4848 | 8b6c 2450 | 488b 5c24 | 6048 8b54 
  0x000002ad40dd2180: 2468 488b | 4c24 7048 | 8b44 2478 | 4881 c480 | 0000 0048 | 83c4 089d | 498b e558 | 4c8b ec48 
  0x000002ad40dd21a0: 83ec 2048 | 8904 2448 | 8954 2410 | 4c89 4424 | 0848 8b4b | 38ff e1f4 
[/MachCode]
--------------------------------------------------------------------------------


---------------  P R O C E S S  ---------------

Threads class SMR info:
_java_thread_list=0x000002ad56212e90, length=14, elements={
0x000002ad31fc31b0, 0x000002ad54cf7820, 0x000002ad54cf8690, 0x000002ad54d0d280,
0x000002ad54d0ee40, 0x000002ad54d11800, 0x000002ad54d121b0, 0x000002ad54d12e90,
0x000002ad54d13930, 0x000002ad54d16330, 0x000002ad5591c220, 0x000002ad559255d0,
0x000002ad560a60d0, 0x000002ad560a00e0
}

Java Threads: ( => current thread )
=>0x000002ad31fc31b0 JavaThread "main" [_thread_in_Java, id=12112, stack(0x000000ecdea00000,0x000000ecdeb00000)]
  0x000002ad54cf7820 JavaThread "Reference Handler" daemon [_thread_blocked, id=13260, stack(0x000000ecdf100000,0x000000ecdf200000)]
  0x000002ad54cf8690 JavaThread "Finalizer" daemon [_thread_blocked, id=9180, stack(0x000000ecdf200000,0x000000ecdf300000)]
  0x000002ad54d0d280 JavaThread "Signal Dispatcher" daemon [_thread_blocked, id=4192, stack(0x000000ecdf300000,0x000000ecdf400000)]
  0x000002ad54d0ee40 JavaThread "Attach Listener" daemon [_thread_blocked, id=9024, stack(0x000000ecdf400000,0x000000ecdf500000)]
  0x000002ad54d11800 JavaThread "Service Thread" daemon [_thread_blocked, id=14844, stack(0x000000ecdf500000,0x000000ecdf600000)]
  0x000002ad54d121b0 JavaThread "Monitor Deflation Thread" daemon [_thread_blocked, id=7280, stack(0x000000ecdf600000,0x000000ecdf700000)]
  0x000002ad54d12e90 JavaThread "C2 CompilerThread0" daemon [_thread_blocked, id=9708, stack(0x000000ecdf700000,0x000000ecdf800000)]
  0x000002ad54d13930 JavaThread "C1 CompilerThread0" daemon [_thread_blocked, id=13276, stack(0x000000ecdf800000,0x000000ecdf900000)]
  0x000002ad54d16330 JavaThread "Sweeper thread" daemon [_thread_blocked, id=12768, stack(0x000000ecdf900000,0x000000ecdfa00000)]
  0x000002ad5591c220 JavaThread "Notification Thread" daemon [_thread_blocked, id=14464, stack(0x000000ecdfa00000,0x000000ecdfb00000)]
  0x000002ad559255d0 JavaThread "Common-Cleaner" daemon [_thread_blocked, id=6404, stack(0x000000ecdfc00000,0x000000ecdfd00000)]
  0x000002ad560a60d0 JavaThread "C2 CompilerThread1" daemon [_thread_blocked, id=8784, stack(0x000000ecdfd00000,0x000000ecdfe00000)]
  0x000002ad560a00e0 JavaThread "C2 CompilerThread2" daemon [_thread_blocked, id=14308, stack(0x000000ecdfe00000,0x000000ecdff00000)]

Other Threads:
  0x000002ad54cf2360 VMThread "VM Thread" [stack: 0x000000ecdf000000,0x000000ecdf100000] [id=10480]
  0x000002ad55922b20 WatcherThread [stack: 0x000000ecdfb00000,0x000000ecdfc00000] [id=9692]
  0x000002ad3202ed70 GCTaskThread "GC Thread#0" [stack: 0x000000ecdeb00000,0x000000ecdec00000] [id=10728]
  0x000002ad560b5fa0 GCTaskThread "GC Thread#1" [stack: 0x000000ecdff00000,0x000000ece0000000] [id=15196]
  0x000002ad5597a980 GCTaskThread "GC Thread#2" [stack: 0x000000ece0000000,0x000000ece0100000] [id=7760]
  0x000002ad560b4750 GCTaskThread "GC Thread#3" [stack: 0x000000ece0100000,0x000000ece0200000] [id=1276]
  0x000002ad55c48c90 GCTaskThread "GC Thread#4" [stack: 0x000000ece0200000,0x000000ece0300000] [id=14300]
  0x000002ad55c49b60 GCTaskThread "GC Thread#5" [stack: 0x000000ece0300000,0x000000ece0400000] [id=5412]
  0x000002ad56314c10 GCTaskThread "GC Thread#6" [stack: 0x000000ece0400000,0x000000ece0500000] [id=10284]
  0x000002ad3203faf0 ConcurrentGCThread "G1 Main Marker" [stack: 0x000000ecdec00000,0x000000ecded00000] [id=4596]
  0x000002ad32041510 ConcurrentGCThread "G1 Conc#0" [stack: 0x000000ecded00000,0x000000ecdee00000] [id=9056]
  0x000002ad54bb34e0 ConcurrentGCThread "G1 Refine#0" [stack: 0x000000ecdee00000,0x000000ecdef00000] [id=10248]
  0x000002ad54bb3f00 ConcurrentGCThread "G1 Service" [stack: 0x000000ecdef00000,0x000000ecdf000000] [id=6212]

Threads with active compile tasks:

VM state: not at safepoint (normal execution)

VM Mutex/Monitor currently owned by a thread: None

Heap address: 0x0000000701c00000, size: 4068 MB, Compressed Oops mode: Zero based, Oop shift amount: 3

CDS archive(s) mapped at: [0x0000000800000000-0x0000000800bd0000-0x0000000800bd0000), size 12386304, SharedBaseAddress: 0x0000000800000000, ArchiveRelocationMode: 0.
Compressed class space mapped at: 0x0000000800c00000-0x0000000840c00000, reserved size: 1073741824
Narrow klass base: 0x0000000800000000, Narrow klass shift: 0, Narrow klass range: 0x100000000

GC Precious Log:
 CPUs: 8 total, 8 available
 Memory: 16267M
 Large Page Support: Disabled
 NUMA Support: Disabled
 Compressed Oops: Enabled (Zero based)
 Heap Region Size: 2M
 Heap Min Capacity: 8M
 Heap Initial Capacity: 256M
 Heap Max Capacity: 4068M
 Pre-touch: Disabled
 Parallel Workers: 8
 Concurrent Workers: 2
 Concurrent Refinement Workers: 8
 Periodic GC: Disabled

Heap:
 garbage-first heap   total 262144K, used 30236K [0x0000000701c00000, 0x0000000800000000)
  region size 2048K, 16 young (32768K), 2 survivors (4096K)
 Metaspace       used 9328K, committed 9472K, reserved 1064960K
  class space    used 1148K, committed 1216K, reserved 1048576K

Heap Regions: E=young(eden), S=young(survivor), O=old, HS=humongous(starts), HC=humongous(continues), CS=collection set, F=free, OA=open archive, CA=closed archive, TAMS=top-at-mark-start (previous, next)
|   0|0x0000000701c00000, 0x0000000701c00000, 0x0000000701e00000|  0%| F|  |TAMS 0x0000000701c00000, 0x0000000701c00000| Untracked 
|   1|0x0000000701e00000, 0x0000000701e00000, 0x0000000702000000|  0%| F|  |TAMS 0x0000000701e00000, 0x0000000701e00000| Untracked 
|   2|0x0000000702000000, 0x0000000702000000, 0x0000000702200000|  0%| F|  |TAMS 0x0000000702000000, 0x0000000702000000| Untracked 
|   3|0x0000000702200000, 0x0000000702200000, 0x0000000702400000|  0%| F|  |TAMS 0x0000000702200000, 0x0000000702200000| Untracked 
|   4|0x0000000702400000, 0x0000000702400000, 0x0000000702600000|  0%| F|  |TAMS 0x0000000702400000, 0x0000000702400000| Untracked 
|   5|0x0000000702600000, 0x0000000702600000, 0x0000000702800000|  0%| F|  |TAMS 0x0000000702600000, 0x0000000702600000| Untracked 
|   6|0x0000000702800000, 0x0000000702800000, 0x0000000702a00000|  0%| F|  |TAMS 0x0000000702800000, 0x0000000702800000| Untracked 
|   7|0x0000000702a00000, 0x0000000702a00000, 0x0000000702c00000|  0%| F|  |TAMS 0x0000000702a00000, 0x0000000702a00000| Untracked 
|   8|0x0000000702c00000, 0x0000000702c00000, 0x0000000702e00000|  0%| F|  |TAMS 0x0000000702c00000, 0x0000000702c00000| Untracked 
|   9|0x0000000702e00000, 0x0000000702e00000, 0x0000000703000000|  0%| F|  |TAMS 0x0000000702e00000, 0x0000000702e00000| Untracked 
|  10|0x0000000703000000, 0x0000000703000000, 0x0000000703200000|  0%| F|  |TAMS 0x0000000703000000, 0x0000000703000000| Untracked 
|  11|0x0000000703200000, 0x0000000703200000, 0x0000000703400000|  0%| F|  |TAMS 0x0000000703200000, 0x0000000703200000| Untracked 
|  12|0x0000000703400000, 0x0000000703400000, 0x0000000703600000|  0%| F|  |TAMS 0x0000000703400000, 0x0000000703400000| Untracked 
|  13|0x0000000703600000, 0x0000000703600000, 0x0000000703800000|  0%| F|  |TAMS 0x0000000703600000, 0x0000000703600000| Untracked 
|  14|0x0000000703800000, 0x0000000703800000, 0x0000000703a00000|  0%| F|  |TAMS 0x0000000703800000, 0x0000000703800000| Untracked 
|  15|0x0000000703a00000, 0x0000000703a00000, 0x0000000703c00000|  0%| F|  |TAMS 0x0000000703a00000, 0x0000000703a00000| Untracked 
|  16|0x0000000703c00000, 0x0000000703c00000, 0x0000000703e00000|  0%| F|  |TAMS 0x0000000703c00000, 0x0000000703c00000| Untracked 
|  17|0x0000000703e00000, 0x0000000703e00000, 0x0000000704000000|  0%| F|  |TAMS 0x0000000703e00000, 0x0000000703e00000| Untracked 
|  18|0x0000000704000000, 0x0000000704000000, 0x0000000704200000|  0%| F|  |TAMS 0x0000000704000000, 0x0000000704000000| Untracked 
|  19|0x0000000704200000, 0x0000000704200000, 0x0000000704400000|  0%| F|  |TAMS 0x0000000704200000, 0x0000000704200000| Untracked 
|  20|0x0000000704400000, 0x0000000704400000, 0x0000000704600000|  0%| F|  |TAMS 0x0000000704400000, 0x0000000704400000| Untracked 
|  21|0x0000000704600000, 0x0000000704600000, 0x0000000704800000|  0%| F|  |TAMS 0x0000000704600000, 0x0000000704600000| Untracked 
|  22|0x0000000704800000, 0x0000000704800000, 0x0000000704a00000|  0%| F|  |TAMS 0x0000000704800000, 0x0000000704800000| Untracked 
|  23|0x0000000704a00000, 0x0000000704a00000, 0x0000000704c00000|  0%| F|  |TAMS 0x0000000704a00000, 0x0000000704a00000| Untracked 
|  24|0x0000000704c00000, 0x0000000704c00000, 0x0000000704e00000|  0%| F|  |TAMS 0x0000000704c00000, 0x0000000704c00000| Untracked 
|  25|0x0000000704e00000, 0x0000000704e00000, 0x0000000705000000|  0%| F|  |TAMS 0x0000000704e00000, 0x0000000704e00000| Untracked 
|  26|0x0000000705000000, 0x0000000705000000, 0x0000000705200000|  0%| F|  |TAMS 0x0000000705000000, 0x0000000705000000| Untracked 
|  27|0x0000000705200000, 0x0000000705200000, 0x0000000705400000|  0%| F|  |TAMS 0x0000000705200000, 0x0000000705200000| Untracked 
|  28|0x0000000705400000, 0x0000000705400000, 0x0000000705600000|  0%| F|  |TAMS 0x0000000705400000, 0x0000000705400000| Untracked 
|  29|0x0000000705600000, 0x0000000705600000, 0x0000000705800000|  0%| F|  |TAMS 0x0000000705600000, 0x0000000705600000| Untracked 
|  30|0x0000000705800000, 0x0000000705800000, 0x0000000705a00000|  0%| F|  |TAMS 0x0000000705800000, 0x0000000705800000| Untracked 
|  31|0x0000000705a00000, 0x0000000705a00000, 0x0000000705c00000|  0%| F|  |TAMS 0x0000000705a00000, 0x0000000705a00000| Untracked 
|  32|0x0000000705c00000, 0x0000000705c00000, 0x0000000705e00000|  0%| F|  |TAMS 0x0000000705c00000, 0x0000000705c00000| Untracked 
|  33|0x0000000705e00000, 0x0000000705e00000, 0x0000000706000000|  0%| F|  |TAMS 0x0000000705e00000, 0x0000000705e00000| Untracked 
|  34|0x0000000706000000, 0x0000000706000000, 0x0000000706200000|  0%| F|  |TAMS 0x0000000706000000, 0x0000000706000000| Untracked 
|  35|0x0000000706200000, 0x0000000706200000, 0x0000000706400000|  0%| F|  |TAMS 0x0000000706200000, 0x0000000706200000| Untracked 
|  36|0x0000000706400000, 0x0000000706400000, 0x0000000706600000|  0%| F|  |TAMS 0x0000000706400000, 0x0000000706400000| Untracked 
|  37|0x0000000706600000, 0x0000000706600000, 0x0000000706800000|  0%| F|  |TAMS 0x0000000706600000, 0x0000000706600000| Untracked 
|  38|0x0000000706800000, 0x0000000706800000, 0x0000000706a00000|  0%| F|  |TAMS 0x0000000706800000, 0x0000000706800000| Untracked 
|  39|0x0000000706a00000, 0x0000000706a00000, 0x0000000706c00000|  0%| F|  |TAMS 0x0000000706a00000, 0x0000000706a00000| Untracked 
|  40|0x0000000706c00000, 0x0000000706c00000, 0x0000000706e00000|  0%| F|  |TAMS 0x0000000706c00000, 0x0000000706c00000| Untracked 
|  41|0x0000000706e00000, 0x0000000706e00000, 0x0000000707000000|  0%| F|  |TAMS 0x0000000706e00000, 0x0000000706e00000| Untracked 
|  42|0x0000000707000000, 0x0000000707000000, 0x0000000707200000|  0%| F|  |TAMS 0x0000000707000000, 0x0000000707000000| Untracked 
|  43|0x0000000707200000, 0x0000000707200000, 0x0000000707400000|  0%| F|  |TAMS 0x0000000707200000, 0x0000000707200000| Untracked 
|  44|0x0000000707400000, 0x0000000707400000, 0x0000000707600000|  0%| F|  |TAMS 0x0000000707400000, 0x0000000707400000| Untracked 
|  45|0x0000000707600000, 0x0000000707600000, 0x0000000707800000|  0%| F|  |TAMS 0x0000000707600000, 0x0000000707600000| Untracked 
|  46|0x0000000707800000, 0x0000000707800000, 0x0000000707a00000|  0%| F|  |TAMS 0x0000000707800000, 0x0000000707800000| Untracked 
|  47|0x0000000707a00000, 0x0000000707a00000, 0x0000000707c00000|  0%| F|  |TAMS 0x0000000707a00000, 0x0000000707a00000| Untracked 
|  48|0x0000000707c00000, 0x0000000707c00000, 0x0000000707e00000|  0%| F|  |TAMS 0x0000000707c00000, 0x0000000707c00000| Untracked 
|  49|0x0000000707e00000, 0x0000000707e00000, 0x0000000708000000|  0%| F|  |TAMS 0x0000000707e00000, 0x0000000707e00000| Untracked 
|  50|0x0000000708000000, 0x0000000708000000, 0x0000000708200000|  0%| F|  |TAMS 0x0000000708000000, 0x0000000708000000| Untracked 
|  51|0x0000000708200000, 0x0000000708200000, 0x0000000708400000|  0%| F|  |TAMS 0x0000000708200000, 0x0000000708200000| Untracked 
|  52|0x0000000708400000, 0x0000000708400000, 0x0000000708600000|  0%| F|  |TAMS 0x0000000708400000, 0x0000000708400000| Untracked 
|  53|0x0000000708600000, 0x0000000708600000, 0x0000000708800000|  0%| F|  |TAMS 0x0000000708600000, 0x0000000708600000| Untracked 
|  54|0x0000000708800000, 0x0000000708800000, 0x0000000708a00000|  0%| F|  |TAMS 0x0000000708800000, 0x0000000708800000| Untracked 
|  55|0x0000000708a00000, 0x0000000708a00000, 0x0000000708c00000|  0%| F|  |TAMS 0x0000000708a00000, 0x0000000708a00000| Untracked 
|  56|0x0000000708c00000, 0x0000000708c00000, 0x0000000708e00000|  0%| F|  |TAMS 0x0000000708c00000, 0x0000000708c00000| Untracked 
|  57|0x0000000708e00000, 0x0000000708e00000, 0x0000000709000000|  0%| F|  |TAMS 0x0000000708e00000, 0x0000000708e00000| Untracked 
|  58|0x0000000709000000, 0x0000000709000000, 0x0000000709200000|  0%| F|  |TAMS 0x0000000709000000, 0x0000000709000000| Untracked 
|  59|0x0000000709200000, 0x0000000709200000, 0x0000000709400000|  0%| F|  |TAMS 0x0000000709200000, 0x0000000709200000| Untracked 
|  60|0x0000000709400000, 0x0000000709400000, 0x0000000709600000|  0%| F|  |TAMS 0x0000000709400000, 0x0000000709400000| Untracked 
|  61|0x0000000709600000, 0x0000000709600000, 0x0000000709800000|  0%| F|  |TAMS 0x0000000709600000, 0x0000000709600000| Untracked 
|  62|0x0000000709800000, 0x0000000709800000, 0x0000000709a00000|  0%| F|  |TAMS 0x0000000709800000, 0x0000000709800000| Untracked 
|  63|0x0000000709a00000, 0x0000000709a00000, 0x0000000709c00000|  0%| F|  |TAMS 0x0000000709a00000, 0x0000000709a00000| Untracked 
|  64|0x0000000709c00000, 0x0000000709c00000, 0x0000000709e00000|  0%| F|  |TAMS 0x0000000709c00000, 0x0000000709c00000| Untracked 
|  65|0x0000000709e00000, 0x0000000709e00000, 0x000000070a000000|  0%| F|  |TAMS 0x0000000709e00000, 0x0000000709e00000| Untracked 
|  66|0x000000070a000000, 0x000000070a000000, 0x000000070a200000|  0%| F|  |TAMS 0x000000070a000000, 0x000000070a000000| Untracked 
|  67|0x000000070a200000, 0x000000070a200000, 0x000000070a400000|  0%| F|  |TAMS 0x000000070a200000, 0x000000070a200000| Untracked 
|  68|0x000000070a400000, 0x000000070a400000, 0x000000070a600000|  0%| F|  |TAMS 0x000000070a400000, 0x000000070a400000| Untracked 
|  69|0x000000070a600000, 0x000000070a600000, 0x000000070a800000|  0%| F|  |TAMS 0x000000070a600000, 0x000000070a600000| Untracked 
|  70|0x000000070a800000, 0x000000070a800000, 0x000000070aa00000|  0%| F|  |TAMS 0x000000070a800000, 0x000000070a800000| Untracked 
|  71|0x000000070aa00000, 0x000000070aa00000, 0x000000070ac00000|  0%| F|  |TAMS 0x000000070aa00000, 0x000000070aa00000| Untracked 
|  72|0x000000070ac00000, 0x000000070ac00000, 0x000000070ae00000|  0%| F|  |TAMS 0x000000070ac00000, 0x000000070ac00000| Untracked 
|  73|0x000000070ae00000, 0x000000070ae00000, 0x000000070b000000|  0%| F|  |TAMS 0x000000070ae00000, 0x000000070ae00000| Untracked 
|  74|0x000000070b000000, 0x000000070b000000, 0x000000070b200000|  0%| F|  |TAMS 0x000000070b000000, 0x000000070b000000| Untracked 
|  75|0x000000070b200000, 0x000000070b200000, 0x000000070b400000|  0%| F|  |TAMS 0x000000070b200000, 0x000000070b200000| Untracked 
|  76|0x000000070b400000, 0x000000070b400000, 0x000000070b600000|  0%| F|  |TAMS 0x000000070b400000, 0x000000070b400000| Untracked 
|  77|0x000000070b600000, 0x000000070b600000, 0x000000070b800000|  0%| F|  |TAMS 0x000000070b600000, 0x000000070b600000| Untracked 
|  78|0x000000070b800000, 0x000000070b800000, 0x000000070ba00000|  0%| F|  |TAMS 0x000000070b800000, 0x000000070b800000| Untracked 
|  79|0x000000070ba00000, 0x000000070ba00000, 0x000000070bc00000|  0%| F|  |TAMS 0x000000070ba00000, 0x000000070ba00000| Untracked 
|  80|0x000000070bc00000, 0x000000070bc00000, 0x000000070be00000|  0%| F|  |TAMS 0x000000070bc00000, 0x000000070bc00000| Untracked 
|  81|0x000000070be00000, 0x000000070be00000, 0x000000070c000000|  0%| F|  |TAMS 0x000000070be00000, 0x000000070be00000| Untracked 
|  82|0x000000070c000000, 0x000000070c000000, 0x000000070c200000|  0%| F|  |TAMS 0x000000070c000000, 0x000000070c000000| Untracked 
|  83|0x000000070c200000, 0x000000070c200000, 0x000000070c400000|  0%| F|  |TAMS 0x000000070c200000, 0x000000070c200000| Untracked 
|  84|0x000000070c400000, 0x000000070c400000, 0x000000070c600000|  0%| F|  |TAMS 0x000000070c400000, 0x000000070c400000| Untracked 
|  85|0x000000070c600000, 0x000000070c600000, 0x000000070c800000|  0%| F|  |TAMS 0x000000070c600000, 0x000000070c600000| Untracked 
|  86|0x000000070c800000, 0x000000070c800000, 0x000000070ca00000|  0%| F|  |TAMS 0x000000070c800000, 0x000000070c800000| Untracked 
|  87|0x000000070ca00000, 0x000000070ca00000, 0x000000070cc00000|  0%| F|  |TAMS 0x000000070ca00000, 0x000000070ca00000| Untracked 
|  88|0x000000070cc00000, 0x000000070cc00000, 0x000000070ce00000|  0%| F|  |TAMS 0x000000070cc00000, 0x000000070cc00000| Untracked 
|  89|0x000000070ce00000, 0x000000070ce00000, 0x000000070d000000|  0%| F|  |TAMS 0x000000070ce00000, 0x000000070ce00000| Untracked 
|  90|0x000000070d000000, 0x000000070d000000, 0x000000070d200000|  0%| F|  |TAMS 0x000000070d000000, 0x000000070d000000| Untracked 
|  91|0x000000070d200000, 0x000000070d200000, 0x000000070d400000|  0%| F|  |TAMS 0x000000070d200000, 0x000000070d200000| Untracked 
|  92|0x000000070d400000, 0x000000070d400000, 0x000000070d600000|  0%| F|  |TAMS 0x000000070d400000, 0x000000070d400000| Untracked 
|  93|0x000000070d600000, 0x000000070d600000, 0x000000070d800000|  0%| F|  |TAMS 0x000000070d600000, 0x000000070d600000| Untracked 
|  94|0x000000070d800000, 0x000000070d800000, 0x000000070da00000|  0%| F|  |TAMS 0x000000070d800000, 0x000000070d800000| Untracked 
|  95|0x000000070da00000, 0x000000070da00000, 0x000000070dc00000|  0%| F|  |TAMS 0x000000070da00000, 0x000000070da00000| Untracked 
|  96|0x000000070dc00000, 0x000000070dc00000, 0x000000070de00000|  0%| F|  |TAMS 0x000000070dc00000, 0x000000070dc00000| Untracked 
|  97|0x000000070de00000, 0x000000070de00000, 0x000000070e000000|  0%| F|  |TAMS 0x000000070de00000, 0x000000070de00000| Untracked 
|  98|0x000000070e000000, 0x000000070e000000, 0x000000070e200000|  0%| F|  |TAMS 0x000000070e000000, 0x000000070e000000| Untracked 
|  99|0x000000070e200000, 0x000000070e200000, 0x000000070e400000|  0%| F|  |TAMS 0x000000070e200000, 0x000000070e200000| Untracked 
| 100|0x000000070e400000, 0x000000070e400000, 0x000000070e600000|  0%| F|  |TAMS 0x000000070e400000, 0x000000070e400000| Untracked 
| 101|0x000000070e600000, 0x000000070e600000, 0x000000070e800000|  0%| F|  |TAMS 0x000000070e600000, 0x000000070e600000| Untracked 
| 102|0x000000070e800000, 0x000000070e800000, 0x000000070ea00000|  0%| F|  |TAMS 0x000000070e800000, 0x000000070e800000| Untracked 
| 103|0x000000070ea00000, 0x000000070ea00000, 0x000000070ec00000|  0%| F|  |TAMS 0x000000070ea00000, 0x000000070ea00000| Untracked 
| 104|0x000000070ec00000, 0x000000070ec00000, 0x000000070ee00000|  0%| F|  |TAMS 0x000000070ec00000, 0x000000070ec00000| Untracked 
| 105|0x000000070ee00000, 0x000000070ee00000, 0x000000070f000000|  0%| F|  |TAMS 0x000000070ee00000, 0x000000070ee00000| Untracked 
| 106|0x000000070f000000, 0x000000070f000000, 0x000000070f200000|  0%| F|  |TAMS 0x000000070f000000, 0x000000070f000000| Untracked 
| 107|0x000000070f200000, 0x000000070f200000, 0x000000070f400000|  0%| F|  |TAMS 0x000000070f200000, 0x000000070f200000| Untracked 
| 108|0x000000070f400000, 0x000000070f400000, 0x000000070f600000|  0%| F|  |TAMS 0x000000070f400000, 0x000000070f400000| Untracked 
| 109|0x000000070f600000, 0x000000070f600000, 0x000000070f800000|  0%| F|  |TAMS 0x000000070f600000, 0x000000070f600000| Untracked 
| 110|0x000000070f800000, 0x000000070f800000, 0x000000070fa00000|  0%| F|  |TAMS 0x000000070f800000, 0x000000070f800000| Untracked 
| 111|0x000000070fa00000, 0x000000070fa00000, 0x000000070fc00000|  0%| F|  |TAMS 0x000000070fa00000, 0x000000070fa00000| Untracked 
| 112|0x000000070fc00000, 0x000000070fc96bd8, 0x000000070fe00000| 29%| E|  |TAMS 0x000000070fc00000, 0x000000070fc00000| Complete 
| 113|0x000000070fe00000, 0x0000000710000000, 0x0000000710000000|100%| E|CS|TAMS 0x000000070fe00000, 0x000000070fe00000| Complete 
| 114|0x0000000710000000, 0x0000000710200000, 0x0000000710200000|100%| E|CS|TAMS 0x0000000710000000, 0x0000000710000000| Complete 
| 115|0x0000000710200000, 0x00000007103873e8, 0x0000000710400000| 76%| S|CS|TAMS 0x0000000710200000, 0x0000000710200000| Complete 
| 116|0x0000000710400000, 0x0000000710600000, 0x0000000710600000|100%| S|CS|TAMS 0x0000000710400000, 0x0000000710400000| Complete 
| 117|0x0000000710600000, 0x0000000710800000, 0x0000000710800000|100%| E|CS|TAMS 0x0000000710600000, 0x0000000710600000| Complete 
| 118|0x0000000710800000, 0x0000000710a00000, 0x0000000710a00000|100%| E|CS|TAMS 0x0000000710800000, 0x0000000710800000| Complete 
| 119|0x0000000710a00000, 0x0000000710c00000, 0x0000000710c00000|100%| E|CS|TAMS 0x0000000710a00000, 0x0000000710a00000| Complete 
| 120|0x0000000710c00000, 0x0000000710e00000, 0x0000000710e00000|100%| E|CS|TAMS 0x0000000710c00000, 0x0000000710c00000| Complete 
| 121|0x0000000710e00000, 0x0000000711000000, 0x0000000711000000|100%| E|CS|TAMS 0x0000000710e00000, 0x0000000710e00000| Complete 
| 122|0x0000000711000000, 0x0000000711200000, 0x0000000711200000|100%| E|CS|TAMS 0x0000000711000000, 0x0000000711000000| Complete 
| 123|0x0000000711200000, 0x0000000711400000, 0x0000000711400000|100%| E|CS|TAMS 0x0000000711200000, 0x0000000711200000| Complete 
| 124|0x0000000711400000, 0x0000000711600000, 0x0000000711600000|100%| E|CS|TAMS 0x0000000711400000, 0x0000000711400000| Complete 
| 125|0x0000000711600000, 0x0000000711800000, 0x0000000711800000|100%| E|CS|TAMS 0x0000000711600000, 0x0000000711600000| Complete 
| 126|0x0000000711800000, 0x0000000711a00000, 0x0000000711a00000|100%| E|CS|TAMS 0x0000000711800000, 0x0000000711800000| Complete 
| 127|0x0000000711a00000, 0x0000000711c00000, 0x0000000711c00000|100%| E|CS|TAMS 0x0000000711a00000, 0x0000000711a00000| Complete 

Card table byte_map: [0x000002ad49380000,0x000002ad49b80000] _byte_map_base: 0x000002ad45b72000

Marking Bits (Prev, Next): (CMBitMap*) 0x000002ad3202f380, (CMBitMap*) 0x000002ad3202f3c0
 Prev Bits: [0x000002ad4a380000, 0x000002ad4e310000)
 Next Bits: [0x000002ad4e310000, 0x000002ad522a0000)

Polling page: 0x000002ad30140000

Metaspace:

Usage:
  Non-class:      7.99 MB used.
      Class:      1.12 MB used.
       Both:      9.11 MB used.

Virtual space:
  Non-class space:       16.00 MB reserved,       8.06 MB ( 50%) committed,  2 nodes.
      Class space:        1.00 GB reserved,       1.19 MB ( <1%) committed,  1 nodes.
             Both:        1.02 GB reserved,       9.25 MB ( <1%) committed. 

Chunk freelists:
   Non-Class:  1.91 MB
       Class:  2.78 MB
        Both:  4.69 MB

MaxMetaspaceSize: unlimited
CompressedClassSpaceSize: 1.00 GB
Initial GC threshold: 21.00 MB
Current GC threshold: 21.00 MB
CDS: on
MetaspaceReclaimPolicy: balanced
 - commit_granule_bytes: 65536.
 - commit_granule_words: 8192.
 - virtual_space_node_default_size: 1048576.
 - enlarge_chunks_in_place: 1.
 - new_chunks_are_fully_committed: 0.
 - uncommit_free_chunks: 1.
 - use_allocation_guard: 0.
 - handle_deallocations: 1.


Internal statistics:

num_allocs_failed_limit: 0.
num_arena_births: 28.
num_arena_deaths: 0.
num_vsnodes_births: 3.
num_vsnodes_deaths: 0.
num_space_committed: 148.
num_space_uncommitted: 0.
num_chunks_returned_to_freelist: 0.
num_chunks_taken_from_freelist: 326.
num_chunk_merges: 0.
num_chunk_splits: 247.
num_chunks_enlarged: 215.
num_purges: 0.
num_inconsistent_stats: 0.

CodeHeap 'non-profiled nmethods': size=120000Kb used=673Kb max_used=673Kb free=119326Kb
 bounds [0x000002ad41320000, 0x000002ad41590000, 0x000002ad48850000]
CodeHeap 'profiled nmethods': size=120000Kb used=3180Kb max_used=3180Kb free=116819Kb
 bounds [0x000002ad39850000, 0x000002ad39b70000, 0x000002ad40d80000]
CodeHeap 'non-nmethods': size=5760Kb used=1159Kb max_used=1196Kb free=4600Kb
 bounds [0x000002ad40d80000, 0x000002ad40ff0000, 0x000002ad41320000]
 total_blobs=2062 nmethods=1619 adapters=355
 compilation: enabled
              stopped_count=0, restarted_count=0
 full_count=0

Compilation events (20 events):
Event: 1.132 Thread 0x000002ad54d13930 nmethod 1612 0x000002ad39b67510 code [0x000002ad39b676e0, 0x000002ad39b67c18]
Event: 1.132 Thread 0x000002ad54d13930 1610       3       com.google.common.cache.LocalCache$Segment::newEntry (18 bytes)
Event: 1.132 Thread 0x000002ad54d13930 nmethod 1610 0x000002ad39b67d90 code [0x000002ad39b67f60, 0x000002ad39b682d8]
Event: 1.132 Thread 0x000002ad54d13930 1615       3       com.google.common.collect.CompactHashMap::getHash (6 bytes)
Event: 1.132 Thread 0x000002ad54d12e90 nmethod 1605 0x000002ad413c7a90 code [0x000002ad413c7c20, 0x000002ad413c7f38]
Event: 1.132 Thread 0x000002ad54d13930 nmethod 1615 0x000002ad39b68490 code [0x000002ad39b68620, 0x000002ad39b68718]
Event: 1.132 Thread 0x000002ad54d13930 1616       3       com.google.common.collect.CompactHashMap::hashTableMask (8 bytes)
Event: 1.132 Thread 0x000002ad54d13930 nmethod 1616 0x000002ad39b68790 code [0x000002ad39b68920, 0x000002ad39b68a38]
Event: 1.132 Thread 0x000002ad54d13930 1617       1       com.google.inject.internal.BindingImpl::getInternalFactory (5 bytes)
Event: 1.132 Thread 0x000002ad54d13930 nmethod 1617 0x000002ad413c8190 code [0x000002ad413c8320, 0x000002ad413c83f8]
Event: 1.132 Thread 0x000002ad54d13930 1611       3       com.google.common.cache.LocalCache$Segment::loadSync (19 bytes)
Event: 1.132 Thread 0x000002ad54d13930 nmethod 1611 0x000002ad39b68b10 code [0x000002ad39b68cc0, 0x000002ad39b68e78]
Event: 1.132 Thread 0x000002ad54d13930 1613       3       com.google.common.cache.LocalCache$LoadingValueReference::get (10 bytes)
Event: 1.133 Thread 0x000002ad54d13930 nmethod 1613 0x000002ad39b68f90 code [0x000002ad39b69140, 0x000002ad39b69328]
Event: 1.133 Thread 0x000002ad54d13930 1614       3       com.google.common.cache.LocalCache$LoadingValueReference::isActive (10 bytes)
Event: 1.133 Thread 0x000002ad54d13930 nmethod 1614 0x000002ad39b69410 code [0x000002ad39b695c0, 0x000002ad39b697a8]
Event: 1.133 Thread 0x000002ad54d13930 1618       3       jdk.internal.org.objectweb.asm.MethodWriter::visitFieldInsn (258 bytes)
Event: 1.133 Thread 0x000002ad54d13930 nmethod 1618 0x000002ad39b69890 code [0x000002ad39b69b00, 0x000002ad39b6a6e8]
Event: 1.133 Thread 0x000002ad54d13930 1619       3       java.util.AbstractCollection::addAll (42 bytes)
Event: 1.134 Thread 0x000002ad54d13930 nmethod 1619 0x000002ad39b6ab10 code [0x000002ad39b6ad00, 0x000002ad39b6b238]

GC Heap History (2 events):
Event: 0.647 GC heap before
{Heap before GC invocations=0 (full 0):
 garbage-first heap   total 262144K, used 22528K [0x0000000701c00000, 0x0000000800000000)
  region size 2048K, 11 young (22528K), 0 survivors (0K)
 Metaspace       used 4767K, committed 4928K, reserved 1056768K
  class space    used 561K, committed 640K, reserved 1048576K
}
Event: 0.650 GC heap after
{Heap after GC invocations=1 (full 0):
 garbage-first heap   total 262144K, used 3612K [0x0000000701c00000, 0x0000000800000000)
  region size 2048K, 2 young (4096K), 2 survivors (4096K)
 Metaspace       used 4767K, committed 4928K, reserved 1056768K
  class space    used 561K, committed 640K, reserved 1048576K
}

Deoptimization events (20 events):
Event: 0.728 Thread 0x000002ad31fc31b0 DEOPT PACKING pc=0x000002ad41389b48 sp=0x000000ecdeafdaf0
Event: 0.728 Thread 0x000002ad31fc31b0 DEOPT UNPACKING pc=0x000002ad40dd23a3 sp=0x000000ecdeafda78 mode 2
Event: 0.728 Thread 0x000002ad31fc31b0 Uncommon trap: trap_request=0xffffffde fr.pc=0x000002ad41389b48 relative=0x0000000000000128
Event: 0.728 Thread 0x000002ad31fc31b0 Uncommon trap: reason=class_check action=maybe_recompile pc=0x000002ad41389b48 method=jdk.internal.misc.Unsafe.allocateUninitializedArray(Ljava/lang/Class;I)Ljava/lang/Object; @ 51 c2
Event: 0.728 Thread 0x000002ad31fc31b0 DEOPT PACKING pc=0x000002ad41389b48 sp=0x000000ecdeafd7e0
Event: 0.728 Thread 0x000002ad31fc31b0 DEOPT UNPACKING pc=0x000002ad40dd23a3 sp=0x000000ecdeafd768 mode 2
Event: 0.729 Thread 0x000002ad31fc31b0 Uncommon trap: trap_request=0xffffffde fr.pc=0x000002ad41389b48 relative=0x0000000000000128
Event: 0.729 Thread 0x000002ad31fc31b0 Uncommon trap: reason=class_check action=maybe_recompile pc=0x000002ad41389b48 method=jdk.internal.misc.Unsafe.allocateUninitializedArray(Ljava/lang/Class;I)Ljava/lang/Object; @ 51 c2
Event: 0.729 Thread 0x000002ad31fc31b0 DEOPT PACKING pc=0x000002ad41389b48 sp=0x000000ecdeafbdd0
Event: 0.729 Thread 0x000002ad31fc31b0 DEOPT UNPACKING pc=0x000002ad40dd23a3 sp=0x000000ecdeafbd58 mode 2
Event: 0.753 Thread 0x000002ad31fc31b0 Uncommon trap: trap_request=0xffffff45 fr.pc=0x000002ad4139125c relative=0x00000000000004bc
Event: 0.753 Thread 0x000002ad31fc31b0 Uncommon trap: reason=unstable_if action=reinterpret pc=0x000002ad4139125c method=java.lang.String.<init>([CIILjava/lang/Void;)V @ 5 c2
Event: 0.753 Thread 0x000002ad31fc31b0 DEOPT PACKING pc=0x000002ad4139125c sp=0x000000ecdeafde30
Event: 0.753 Thread 0x000002ad31fc31b0 DEOPT UNPACKING pc=0x000002ad40dd23a3 sp=0x000000ecdeafdcc8 mode 2
Event: 0.785 Thread 0x000002ad31fc31b0 Uncommon trap: trap_request=0xffffff45 fr.pc=0x000002ad413882d4 relative=0x0000000000000334
Event: 0.785 Thread 0x000002ad31fc31b0 Uncommon trap: reason=unstable_if action=reinterpret pc=0x000002ad413882d4 method=java.lang.String.<init>([CIILjava/lang/Void;)V @ 5 c2
Event: 0.785 Thread 0x000002ad31fc31b0 DEOPT PACKING pc=0x000002ad413882d4 sp=0x000000ecdeafdd50
Event: 0.785 Thread 0x000002ad31fc31b0 DEOPT UNPACKING pc=0x000002ad40dd23a3 sp=0x000000ecdeafdd10 mode 2
Event: 0.790 Thread 0x000002ad31fc31b0 DEOPT PACKING pc=0x000002ad39a4b8b4 sp=0x000000ecdeafdf80
Event: 0.790 Thread 0x000002ad31fc31b0 DEOPT UNPACKING pc=0x000002ad40dd2b43 sp=0x000000ecdeafd3f0 mode 0

Classes unloaded (0 events):
No events

Classes redefined (0 events):
No events

Internal exceptions (11 events):
Event: 0.163 Thread 0x000002ad31fc31b0 Exception <a 'java/lang/NullPointerException'{0x00000007119b8ae0}> (0x00000007119b8ae0) 
thrown [s\open\src\hotspot\share\interpreter\linkResolver.cpp, line 1350]
Event: 0.205 Thread 0x000002ad31fc31b0 Exception <a 'java/lang/NullPointerException'{0x000000071163c858}> (0x000000071163c858) 
thrown [s\open\src\hotspot\share\interpreter\linkResolver.cpp, line 1350]
Event: 0.205 Thread 0x000002ad31fc31b0 Exception <a 'java/lang/NullPointerException'{0x000000071163cb30}> (0x000000071163cb30) 
thrown [s\open\src\hotspot\share\interpreter\linkResolver.cpp, line 1350]
Event: 0.205 Thread 0x000002ad31fc31b0 Exception <a 'java/lang/NullPointerException'{0x000000071163ce08}> (0x000000071163ce08) 
thrown [s\open\src\hotspot\share\interpreter\linkResolver.cpp, line 1350]
Event: 0.206 Thread 0x000002ad31fc31b0 Exception <a 'java/lang/NullPointerException'{0x0000000711642300}> (0x0000000711642300) 
thrown [s\open\src\hotspot\share\interpreter\linkResolver.cpp, line 1350]
Event: 0.211 Thread 0x000002ad31fc31b0 Exception <a 'java/lang/NullPointerException'{0x0000000711657908}> (0x0000000711657908) 
thrown [s\open\src\hotspot\share\interpreter\linkResolver.cpp, line 1350]
Event: 0.211 Thread 0x000002ad31fc31b0 Exception <a 'java/lang/NullPointerException'{0x0000000711657be0}> (0x0000000711657be0) 
thrown [s\open\src\hotspot\share\interpreter\linkResolver.cpp, line 1350]
Event: 0.211 Thread 0x000002ad31fc31b0 Exception <a 'java/lang/NullPointerException'{0x0000000711657eb8}> (0x0000000711657eb8) 
thrown [s\open\src\hotspot\share\interpreter\linkResolver.cpp, line 1350]
Event: 0.211 Thread 0x000002ad31fc31b0 Exception <a 'java/lang/NullPointerException'{0x0000000711658190}> (0x0000000711658190) 
thrown [s\open\src\hotspot\share\interpreter\linkResolver.cpp, line 1350]
Event: 0.549 Thread 0x000002ad31fc31b0 Exception <a 'java/lang/NoSuchMethodError'{0x0000000710c27378}: 'java.lang.Object java.lang.invoke.DirectMethodHandle$Holder.newInvokeSpecial(java.lang.Object, java.lang.Object, java.lang.Object, java.lang.Object, java.lang.Object)'> (0x0000000710c27378) 
thrown [s\open\src\hotspot\share\interpreter\linkResolver.cpp, line 759]
Event: 0.578 Thread 0x000002ad31fc31b0 Exception <a 'java/lang/NoClassDefFoundError'{0x0000000710d85568}: javax/enterprise/inject/Typed> (0x0000000710d85568) 
thrown [s\open\src\hotspot\share\classfile\systemDictionary.cpp, line 245]

VM Operations (20 events):
Event: 0.037 Executing VM operation: HandshakeAllThreads
Event: 0.037 Executing VM operation: HandshakeAllThreads done
Event: 0.161 Executing VM operation: HandshakeAllThreads
Event: 0.161 Executing VM operation: HandshakeAllThreads done
Event: 0.174 Executing VM operation: HandshakeAllThreads
Event: 0.174 Executing VM operation: HandshakeAllThreads done
Event: 0.350 Executing VM operation: HandshakeAllThreads
Event: 0.350 Executing VM operation: HandshakeAllThreads done
Event: 0.647 Executing VM operation: G1CollectForAllocation
Event: 0.650 Executing VM operation: G1CollectForAllocation done
Event: 0.842 Executing VM operation: HandshakeAllThreads
Event: 0.842 Executing VM operation: HandshakeAllThreads done
Event: 0.903 Executing VM operation: HandshakeAllThreads
Event: 0.903 Executing VM operation: HandshakeAllThreads done
Event: 1.074 Executing VM operation: HandshakeAllThreads
Event: 1.074 Executing VM operation: HandshakeAllThreads done
Event: 1.075 Executing VM operation: HandshakeAllThreads
Event: 1.075 Executing VM operation: HandshakeAllThreads done
Event: 1.100 Executing VM operation: ICBufferFull
Event: 1.100 Executing VM operation: ICBufferFull done

Events (20 events):
Event: 0.893 loading class sun/reflect/generics/tree/VoidDescriptor
Event: 0.893 loading class sun/reflect/generics/tree/VoidDescriptor done
Event: 0.893 loading class sun/reflect/generics/tree/MethodTypeSignature
Event: 0.893 loading class sun/reflect/generics/tree/MethodTypeSignature done
Event: 0.895 loading class java/nio/channels/ReadableByteChannel
Event: 0.895 loading class java/nio/channels/Channel
Event: 0.895 loading class java/nio/channels/Channel done
Event: 0.895 loading class java/nio/channels/ReadableByteChannel done
Event: 0.895 loading class java/nio/channels/WritableByteChannel
Event: 0.895 loading class java/nio/channels/WritableByteChannel done
Event: 0.917 loading class java/util/concurrent/locks/ReentrantReadWriteLock
Event: 0.917 loading class java/util/concurrent/locks/ReadWriteLock
Event: 0.917 loading class java/util/concurrent/locks/ReadWriteLock done
Event: 0.918 loading class java/util/concurrent/locks/ReentrantReadWriteLock done
Event: 1.013 loading class sun/reflect/generics/repository/FieldRepository
Event: 1.013 loading class sun/reflect/generics/repository/FieldRepository done
Event: 1.117 loading class sun/reflect/generics/scope/MethodScope
Event: 1.117 loading class sun/reflect/generics/scope/MethodScope done
Event: 1.117 loading class sun/reflect/generics/repository/MethodRepository
Event: 1.117 loading class sun/reflect/generics/repository/MethodRepository done


Dynamic libraries:
0x00007ff76fb80000 - 0x00007ff76fb90000 	C:\Program Files\Java\jdk-17\bin\java.exe
0x00007fff0fab0000 - 0x00007fff0fca8000 	C:\Windows\SYSTEM32\ntdll.dll
0x00007fff0e2c0000 - 0x00007fff0e37d000 	C:\Windows\System32\KERNEL32.DLL
0x00007fff0d560000 - 0x00007fff0d856000 	C:\Windows\System32\KERNELBASE.dll
0x00007fff0d3c0000 - 0x00007fff0d4c0000 	C:\Windows\System32\ucrtbase.dll
0x00007fff08f20000 - 0x00007fff08f39000 	C:\Program Files\Java\jdk-17\bin\jli.dll
0x00007fff0f750000 - 0x00007fff0f803000 	C:\Windows\System32\ADVAPI32.dll
0x00007fff08f40000 - 0x00007fff08f5b000 	C:\Program Files\Java\jdk-17\bin\VCRUNTIME140.dll
0x00007fff0f510000 - 0x00007fff0f5ae000 	C:\Windows\System32\msvcrt.dll
0x00007fff0e8c0000 - 0x00007fff0e95f000 	C:\Windows\System32\sechost.dll
0x00007fff0e380000 - 0x00007fff0e4a6000 	C:\Windows\System32\RPCRT4.dll
0x00007fff0d300000 - 0x00007fff0d327000 	C:\Windows\System32\bcrypt.dll
0x00007fff0ea80000 - 0x00007fff0ec1e000 	C:\Windows\System32\USER32.dll
0x00007fff0d860000 - 0x00007fff0d882000 	C:\Windows\System32\win32u.dll
0x00007ffef8170000 - 0x00007ffef840a000 	C:\Windows\WinSxS\amd64_microsoft.windows.common-controls_6595b64144ccf1df_6.0.19041.3636_none_60b6a03d71f818d5\COMCTL32.dll
0x00007fff0f9b0000 - 0x00007fff0f9db000 	C:\Windows\System32\GDI32.dll
0x00007fff0d170000 - 0x00007fff0d287000 	C:\Windows\System32\gdi32full.dll
0x00007fff0d4c0000 - 0x00007fff0d55d000 	C:\Windows\System32\msvcp_win.dll
0x00007fff04f20000 - 0x00007fff04f2a000 	C:\Windows\SYSTEM32\VERSION.dll
0x00007fff0e4d0000 - 0x00007fff0e502000 	C:\Windows\System32\IMM32.DLL
0x00007fff088f0000 - 0x00007fff088fc000 	C:\Program Files\Java\jdk-17\bin\vcruntime140_1.dll
0x00007ffee2930000 - 0x00007ffee29be000 	C:\Program Files\Java\jdk-17\bin\msvcp140.dll
0x00007ffeb44f0000 - 0x00007ffeb50cd000 	C:\Program Files\Java\jdk-17\bin\server\jvm.dll
0x00007fff0e4c0000 - 0x00007fff0e4c8000 	C:\Windows\System32\PSAPI.DLL
0x00007fff08ee0000 - 0x00007fff08ee9000 	C:\Windows\SYSTEM32\WSOCK32.dll
0x00007fff01550000 - 0x00007fff01577000 	C:\Windows\SYSTEM32\WINMM.dll
0x00007fff0f370000 - 0x00007fff0f3db000 	C:\Windows\System32\WS2_32.dll
0x00007fff0b020000 - 0x00007fff0b032000 	C:\Windows\SYSTEM32\kernel.appcore.dll
0x00007fff08260000 - 0x00007fff0826a000 	C:\Program Files\Java\jdk-17\bin\jimage.dll
0x00007ffefa370000 - 0x00007ffefa554000 	C:\Windows\SYSTEM32\DBGHELP.DLL
0x00007ffef2830000 - 0x00007ffef2864000 	C:\Windows\SYSTEM32\dbgcore.DLL
0x00007fff0d330000 - 0x00007fff0d3b2000 	C:\Windows\System32\bcryptPrimitives.dll
0x00007fff075d0000 - 0x00007fff075f5000 	C:\Program Files\Java\jdk-17\bin\java.dll
0x00007ffee10c0000 - 0x00007ffee1197000 	C:\Program Files\Java\jdk-17\bin\jsvml.dll
0x00007fff0ec20000 - 0x00007fff0f365000 	C:\Windows\System32\SHELL32.dll
0x00007fff0b220000 - 0x00007fff0b9bc000 	C:\Windows\SYSTEM32\windows.storage.dll
0x00007fff0df60000 - 0x00007fff0e2b4000 	C:\Windows\System32\combase.dll
0x00007fff0cad0000 - 0x00007fff0cafe000 	C:\Windows\SYSTEM32\Wldp.dll
0x00007fff0f810000 - 0x00007fff0f8dd000 	C:\Windows\System32\OLEAUT32.dll
0x00007fff0f900000 - 0x00007fff0f9ad000 	C:\Windows\System32\SHCORE.dll
0x00007fff0f6f0000 - 0x00007fff0f745000 	C:\Windows\System32\shlwapi.dll
0x00007fff0d0a0000 - 0x00007fff0d0c5000 	C:\Windows\SYSTEM32\profapi.dll
0x00007fff07b60000 - 0x00007fff07b79000 	C:\Program Files\Java\jdk-17\bin\net.dll
0x00007fff06f20000 - 0x00007fff0702a000 	C:\Windows\SYSTEM32\WINHTTP.dll
0x00007fff0c830000 - 0x00007fff0c89a000 	C:\Windows\system32\mswsock.dll
0x00007fff07ae0000 - 0x00007fff07af6000 	C:\Program Files\Java\jdk-17\bin\nio.dll
0x00007fff075b0000 - 0x00007fff075c8000 	C:\Program Files\Java\jdk-17\bin\zip.dll
0x0000000069ac0000 - 0x0000000069ae4000 	E:\apache-maven-3.8.8\lib\jansi-native\Windows\x86_64\jansi.dll
0x00007fff069e0000 - 0x00007fff069f0000 	C:\Program Files\Java\jdk-17\bin\verify.dll

dbghelp: loaded successfully - version: 4.0.5 - missing functions: none
symbol engine: initialized successfully - sym options: 0x614 - pdb path: .;C:\Program Files\Java\jdk-17\bin;C:\Windows\SYSTEM32;C:\Windows\WinSxS\amd64_microsoft.windows.common-controls_6595b64144ccf1df_6.0.19041.3636_none_60b6a03d71f818d5;C:\Program Files\Java\jdk-17\bin\server;E:\apache-maven-3.8.8\lib\jansi-native\Windows\x86_64

VM Arguments:
jvm_args: -Dclassworlds.conf=E:\\apache-maven-3.8.8\\bin\\m2.conf -Dmaven.home=E:\\apache-maven-3.8.8 -Dlibrary.jansi.path=E:\\apache-maven-3.8.8\\lib\\jansi-native -Dmaven.multiModuleProjectDirectory=E:\\Information_and_Technology_University\\Licence_3\\Semestre_6\\Mr_Naina\\Kombarika 
java_command: org.codehaus.plexus.classworlds.launcher.Launcher clean install
java_class_path (initial): E:\\apache-maven-3.8.8\\boot\\plexus-classworlds-2.6.0.jar
Launcher Type: SUN_STANDARD

[Global flags]
     intx CICompilerCount                          = 4                                         {product} {ergonomic}
     uint ConcGCThreads                            = 2                                         {product} {ergonomic}
     uint G1ConcRefinementThreads                  = 8                                         {product} {ergonomic}
   size_t G1HeapRegionSize                         = 2097152                                   {product} {ergonomic}
    uintx GCDrainStackTargetSize                   = 64                                        {product} {ergonomic}
   size_t InitialHeapSize                          = 268435456                                 {product} {ergonomic}
   size_t MarkStackSize                            = 4194304                                   {product} {ergonomic}
   size_t MaxHeapSize                              = 4265607168                                {product} {ergonomic}
   size_t MaxNewSize                               = 2558525440                                {product} {ergonomic}
   size_t MinHeapDeltaBytes                        = 2097152                                   {product} {ergonomic}
   size_t MinHeapSize                              = 8388608                                   {product} {ergonomic}
    uintx NonNMethodCodeHeapSize                   = 5839372                                {pd product} {ergonomic}
    uintx NonProfiledCodeHeapSize                  = 122909434                              {pd product} {ergonomic}
    uintx ProfiledCodeHeapSize                     = 122909434                              {pd product} {ergonomic}
    uintx ReservedCodeCacheSize                    = 251658240                              {pd product} {ergonomic}
     bool SegmentedCodeCache                       = true                                      {product} {ergonomic}
   size_t SoftMaxHeapSize                          = 4265607168                             {manageable} {ergonomic}
     bool UseCompressedClassPointers               = true                           {product lp64_product} {ergonomic}
     bool UseCompressedOops                        = true                           {product lp64_product} {ergonomic}
     bool UseG1GC                                  = true                                      {product} {ergonomic}
     bool UseLargePagesIndividualAllocation        = false                                  {pd product} {ergonomic}

Logging:
Log output configuration:
 #0: stdout all=warning uptime,level,tags
 #1: stderr all=off uptime,level,tags

Environment Variables:
PATH=C:\VulkanSDK\1.3.275.0\Bin;C:\Program Files\Common Files\Oracle\Java\javapath;C:\Windows\system32;C:\Windows;C:\Windows\System32\Wbem;C:\Windows\System32\WindowsPowerShell\v1.0\;C:\Windows\System32\OpenSSH\;C:\Program Files (x86)\NVIDIA Corporation\PhysX\Common;C:\Program Files\NVIDIA Corporation\NVIDIA NvDLISR;C:\Program Files\Microsoft SQL Server\150\Tools\Binn\;E:\apache-maven-3.8.8\bin;C:\Program Files\Git\cmd;C:\Program Files\nodejs\;C:\Program Files\Microsoft SQL Server\130\Tools\Binn\;C:\Program Files\Microsoft SQL Server\Client SDK\ODBC\170\Tools\Binn\;C:\Program Files\dotnet\;C:\Users\Administrator\AppData\Local\Programs\Python\Python311\Scripts\;C:\Users\Administrator\AppData\Local\Programs\Python\Python311\;C:\Users\Administrator\AppData\Local\Microsoft\WindowsApps;C:\Users\Administrator\AppData\Local\Programs\Microsoft VS Code\bin;C:\Users\Administrator\AppData\Roaming\npm;C:\Users\Administrator\.dotnet\tools;C:\Program Files (x86)\Brackets\
USERNAME=Administrator
OS=Windows_NT
PROCESSOR_IDENTIFIER=Intel64 Family 6 Model 158 Stepping 9, GenuineIntel



---------------  S Y S T E M  ---------------

OS:
 Windows 10 , 64 bit Build 19041 (10.0.19041.3636)
OS uptime: 0 days 6:45 hours

CPU: total 8 (initial active 8) (4 cores per cpu, 2 threads per core) family 6 model 158 stepping 9 microcode 0xb4, cx8, cmov, fxsr, ht, mmx, 3dnowpref, sse, sse2, sse3, ssse3, sse4.1, sse4.2, popcnt, lzcnt, tsc, tscinvbit, avx, avx2, aes, erms, clmul, bmi1, bmi2, adx, fma, vzeroupper, clflush, clflushopt

Memory: 4k page, system-wide physical 16267M (9574M free)
TotalPageFile size 21131M (AvailPageFile size 12055M)
current process WorkingSet (physical memory assigned to process): 92M, peak: 92M
current process commit charge ("private bytes"): 369M, peak: 370M

vm_info: Java HotSpot(TM) 64-Bit Server VM (17.0.7+8-LTS-224) for windows-amd64 JRE (17.0.7+8-LTS-224), built on Feb 28 2023 23:03:02 by "mach5one" with MS VC++ 17.1 (VS2022)

END.
