#
# A fatal error has been detected by the Java Runtime Environment:
#
#  EXCEPTION_ACCESS_VIOLATION (0xc0000005) at pc=0x00007ffeb471dfc2, pid=1776, tid=15100
#
# JRE version: Java(TM) SE Runtime Environment (17.0.7+8) (build 17.0.7+8-LTS-224)
# Java VM: Java HotSpot(TM) 64-Bit Server VM (17.0.7+8-LTS-224, mixed mode, sharing, tiered, compressed oops, compressed class ptrs, g1 gc, windows-amd64)
# Problematic frame:
# V  [jvm.dll+0x22dfc2]
#
# No core dump will be written. Minidumps are not enabled by default on client versions of Windows
#
# If you would like to submit a bug report, please visit:
#   https://bugreport.java.com/bugreport/crash.jsp
#

---------------  S U M M A R Y ------------

Command Line: -Dclassworlds.conf=E:\\apache-maven-3.8.8\\bin\\m2.conf -Dmaven.home=E:\\apache-maven-3.8.8 -Dlibrary.jansi.path=E:\\apache-maven-3.8.8\\lib\\jansi-native -Dmaven.multiModuleProjectDirectory=E:\\Information_and_Technology_University\\Licence_3\\Semestre_6\\Mr_Naina\\Kombarika org.codehaus.plexus.classworlds.launcher.Launcher clean install

Host: Intel(R) Core(TM) i7-7700HQ CPU @ 2.80GHz, 8 cores, 15G,  Windows 10 , 64 bit Build 19041 (10.0.19041.3636)
Time: Sat Mar  9 22:42:27 2024 E. Africa Standard Time elapsed time: 2.497336 seconds (0d 0h 0m 2s)

---------------  T H R E A D  ---------------

Current thread (0x0000019e211e1e50):  GCTaskThread "GC Thread#1" [stack: 0x0000005722a00000,0x0000005722b00000] [id=15100]

Stack: [0x0000005722a00000,0x0000005722b00000],  sp=0x0000005722aff5b0,  free space=1021k
Native frames: (J=compiled Java code, j=interpreted, Vv=VM code, C=native code)
V  [jvm.dll+0x22dfc2]
V  [jvm.dll+0x22f0b3]
V  [jvm.dll+0x64ddd8]
V  [jvm.dll+0x681753]
V  [jvm.dll+0x305763]
V  [jvm.dll+0x804f2b]
V  [jvm.dll+0x804f76]
V  [jvm.dll+0x78759a]
V  [jvm.dll+0x675875]
C  [ucrtbase.dll+0x21bb2]
C  [KERNEL32.DLL+0x17344]
C  [ntdll.dll+0x526b1]


siginfo: EXCEPTION_ACCESS_VIOLATION (0xc0000005), reading address 0xffffffffffffffff


Register to memory mapping:

RIP=0x00007ffeb471dfc2 jvm.dll
RAX=0x0200000000000000 is an unknown value
RBX=0x0200000000000000 is an unknown value
RCX=0x0 is NULL
RDX=0x0 is NULL
RSP=0x0000005722aff5b0 points into unknown readable memory: 0x0000000000000000 | 00 00 00 00 00 00 00 00
RBP=0x0000005722aff659 points into unknown readable memory: f5 af 22 57 00 00 00
RSI=0x0 is NULL
RDI=0x0 is NULL
R8 =0x0000005722aff601 points into unknown readable memory: da c3 07 9e 01 00 00
R9 =0x0000000000000048 is an unknown value
R10=0x00007ffeb44f0000 jvm.dll
R11=0x0000005722aff4e0 points into unknown readable memory: 0x0000019e2109ee00 | 00 ee 09 21 9e 01 00 00
R12=0x0 is NULL
R13=0x0000019e21bfeaf0 points into unknown readable memory: 0x0000000000000002 | 02 00 00 00 00 00 00 00
R14=0x0000019e07c39690 is at entry_point+-1648 in (nmethod*)0x0000019e07c39690
R15=0x0000019e2109ee00 points into unknown readable memory: 0x0000019e214c4500 | 00 45 4c 21 9e 01 00 00


Registers:
RAX=0x0200000000000000, RBX=0x0200000000000000, RCX=0x0000000000000000, RDX=0x0000000000000000
RSP=0x0000005722aff5b0, RBP=0x0000005722aff659, RSI=0x0000000000000000, RDI=0x0000000000000000
R8 =0x0000005722aff601, R9 =0x0000000000000048, R10=0x00007ffeb44f0000, R11=0x0000005722aff4e0
R12=0x0000000000000000, R13=0x0000019e21bfeaf0, R14=0x0000019e07c39690, R15=0x0000019e2109ee00
RIP=0x00007ffeb471dfc2, EFLAGS=0x0000000000010206

Top of Stack: (sp=0x0000005722aff5b0)
0x0000005722aff5b0:   0000000000000000 0000005722aff659
0x0000005722aff5c0:   0000000000000000 0000000000000000
0x0000005722aff5d0:   0000019e2109ee60 0000019e2109f238
0x0000005722aff5e0:   0000000000000000 0000019e07c39b88
0x0000005722aff5f0:   0000019e07c39cf0 0000019e07c39690
0x0000005722aff600:   0000019e07c3da95 0000005722af06b5
0x0000005722aff610:   0000019e07c39b84 0000005722af0000
0x0000005722aff620:   0000019e07c39d00 0000019e07c39d00
0x0000005722aff630:   0000019e07c3da40 0000019e07c39d00
0x0000005722aff640:   0000019e07c3da40 0000019e07c3dce8
0x0000005722aff650:   00007ffeb4dcd0e0 0000005722aff5e0
0x0000005722aff660:   000000000000000c 0000000000000000
0x0000005722aff670:   0000019e00000000 0000019e7b494260
0x0000005722aff680:   0000019e2109ee50 0000019e21bfeaf0
0x0000005722aff690:   0000019e2109ee60 0000000000000000
0x0000005722aff6a0:   0000019e2109f238 00000000000003d8 

Instructions: (pc=0x00007ffeb471dfc2)
0x00007ffeb471dec2:   75 07 48 8d 4d 87 e8 93 88 49 00 45 32 ff 48 8d
0x00007ffeb471ded2:   1d 09 f2 6a 00 b9 00 f0 00 00 0f 1f 40 00 48 8b
0x00007ffeb471dee2:   45 8f 48 83 c0 02 48 89 45 8f 48 3b 45 97 0f 84
0x00007ffeb471def2:   76 03 00 00 66 89 75 bf 0f b7 00 66 23 c1 66 3b
0x00007ffeb471df02:   c1 75 09 48 8d 4d 87 e8 82 82 49 00 48 8b 45 8f
0x00007ffeb471df12:   0f b7 10 48 8b 45 87 81 e2 ff 03 00 00 48 03 55
0x00007ffeb471df22:   a7 48 89 55 a7 48 85 c0 74 09 48 3b d0 0f 83 37
0x00007ffeb471df32:   03 00 00 48 8b 45 8f 0f b7 08 c1 e9 0c 83 e9 02
0x00007ffeb471df42:   0f 84 c4 01 00 00 83 e9 01 0f 84 7d 01 00 00 83
0x00007ffeb471df52:   e9 01 0f 84 c5 00 00 00 83 e9 01 0f 84 b4 00 00
0x00007ffeb471df62:   00 83 f9 07 b9 00 f0 00 00 0f 85 6f ff ff ff 45
0x00007ffeb471df72:   84 ff 0f 84 66 ff ff ff 49 8b 06 49 8b ce 45 32
0x00007ffeb471df82:   ff ff 90 20 02 00 00 84 c0 0f 85 d2 02 00 00 48
0x00007ffeb471df92:   8d 45 87 c7 45 07 0c 00 00 00 48 8d 4d f7 48 89
0x00007ffeb471dfa2:   45 ff 48 89 5d f7 e8 33 9b 49 00 48 8d 4d f7 e8
0x00007ffeb471dfb2:   aa 89 49 00 48 8b d8 48 85 c0 0f 84 a1 02 00 00
0x00007ffeb471dfc2:   48 8b 10 48 8b c8 ff 52 10 84 c0 0f 84 90 02 00
0x00007ffeb471dfd2:   00 48 8b 43 08 48 8b 48 08 48 8b 49 18 48 8b 89
0x00007ffeb471dfe2:   98 00 00 00 e8 b5 5d fc ff 84 c0 0f 85 70 02 00
0x00007ffeb471dff2:   00 48 8d 4d f7 e8 44 89 49 00 48 89 30 83 7d 0f
0x00007ffeb471e002:   00 0f 84 5a 02 00 00 48 8d 4d f7 e8 ae 85 49 00
0x00007ffeb471e012:   e9 b9 fe ff ff 41 b7 01 e9 b8 fe ff ff 49 8b 1e
0x00007ffeb471e022:   48 8d 4d 87 e8 c5 8f 49 00 48 8b d0 49 8b ce ff
0x00007ffeb471e032:   93 08 02 00 00 48 8b c8 48 8b f0 48 8b 10 ff 12
0x00007ffeb471e042:   48 8b c8 e8 66 3d fd ff 48 8b f8 48 85 c0 0f 84
0x00007ffeb471e052:   0b 02 00 00 48 8b 10 48 8b c8 ff 52 58 33 db 84
0x00007ffeb471e062:   c0 48 0f 45 df 48 85 db 0f 84 f1 01 00 00 45 84
0x00007ffeb471e072:   e4 75 31 48 8b 03 48 8b cb ff 90 c0 00 00 00 84
0x00007ffeb471e082:   c0 74 21 48 8b 03 48 8b cb ff 90 20 02 00 00 84
0x00007ffeb471e092:   c0 75 11 48 8b 43 70 48 8b 40 48 48 3b c3 0f 84
0x00007ffeb471e0a2:   bb 01 00 00 49 8b 06 49 8b ce ff 90 20 02 00 00
0x00007ffeb471e0b2:   84 c0 48 8b ce 0f 94 c2 e8 71 f0 ff ff 84 c0 74 


Stack slot to memory mapping:
stack at sp + 0 slots: 0x0 is NULL
stack at sp + 1 slots: 0x0000005722aff659 points into unknown readable memory: f5 af 22 57 00 00 00
stack at sp + 2 slots: 0x0 is NULL
stack at sp + 3 slots: 0x0 is NULL
stack at sp + 4 slots: 0x0000019e2109ee60 points into unknown readable memory: 0x0000019e2109ee80 | 80 ee 09 21 9e 01 00 00
stack at sp + 5 slots: 0x0000019e2109f238 points into unknown readable memory: 0x880006009a2d15d5 | d5 15 2d 9a 00 06 00 88
stack at sp + 6 slots: 0x0 is NULL
stack at sp + 7 slots: 0x0000019e07c39b88 is at entry_point+-376 in (nmethod*)0x0000019e07c39690


---------------  P R O C E S S  ---------------

Threads class SMR info:
_java_thread_list=0x0000019e21977d10, length=14, elements={
0x0000019e7b4031b0, 0x0000019e7fa08b60, 0x0000019e7fa099d0, 0x0000019e7fa1ecf0,
0x0000019e7fa208b0, 0x0000019e7fa23270, 0x0000019e7fa23c20, 0x0000019e7fa249b0,
0x0000019e7fa26060, 0x0000019e7fa30e70, 0x0000019e21123b80, 0x0000019e2114d2d0,
0x0000019e21929c80, 0x0000019e219085f0
}

Java Threads: ( => current thread )
  0x0000019e7b4031b0 JavaThread "main" [_thread_blocked, id=12764, stack(0x0000005721500000,0x0000005721600000)]
  0x0000019e7fa08b60 JavaThread "Reference Handler" daemon [_thread_blocked, id=13956, stack(0x0000005721c00000,0x0000005721d00000)]
  0x0000019e7fa099d0 JavaThread "Finalizer" daemon [_thread_blocked, id=7656, stack(0x0000005721d00000,0x0000005721e00000)]
  0x0000019e7fa1ecf0 JavaThread "Signal Dispatcher" daemon [_thread_blocked, id=13212, stack(0x0000005721e00000,0x0000005721f00000)]
  0x0000019e7fa208b0 JavaThread "Attach Listener" daemon [_thread_blocked, id=14832, stack(0x0000005721f00000,0x0000005722000000)]
  0x0000019e7fa23270 JavaThread "Service Thread" daemon [_thread_blocked, id=6648, stack(0x0000005722000000,0x0000005722100000)]
  0x0000019e7fa23c20 JavaThread "Monitor Deflation Thread" daemon [_thread_blocked, id=15112, stack(0x0000005722100000,0x0000005722200000)]
  0x0000019e7fa249b0 JavaThread "C2 CompilerThread0" daemon [_thread_blocked, id=13864, stack(0x0000005722200000,0x0000005722300000)]
  0x0000019e7fa26060 JavaThread "C1 CompilerThread0" daemon [_thread_blocked, id=13024, stack(0x0000005722300000,0x0000005722400000)]
  0x0000019e7fa30e70 JavaThread "Sweeper thread" daemon [_thread_blocked, id=7532, stack(0x0000005722400000,0x0000005722500000)]
  0x0000019e21123b80 JavaThread "Notification Thread" daemon [_thread_blocked, id=6620, stack(0x0000005722500000,0x0000005722600000)]
  0x0000019e2114d2d0 JavaThread "Common-Cleaner" daemon [_thread_blocked, id=14160, stack(0x0000005722700000,0x0000005722800000)]
  0x0000019e21929c80 JavaThread "C2 CompilerThread1" daemon [_thread_blocked, id=2696, stack(0x0000005722800000,0x0000005722900000)]
  0x0000019e219085f0 JavaThread "C2 CompilerThread2" daemon [_thread_blocked, id=6256, stack(0x0000005722900000,0x0000005722a00000)]

Other Threads:
  0x0000019e7fa036a0 VMThread "VM Thread" [stack: 0x0000005721b00000,0x0000005721c00000] [id=11188]
  0x0000019e7b49d020 WatcherThread [stack: 0x0000005722600000,0x0000005722700000] [id=2184]
  0x0000019e7b46ed70 GCTaskThread "GC Thread#0" [stack: 0x0000005721600000,0x0000005721700000] [id=9452]
=>0x0000019e211e1e50 GCTaskThread "GC Thread#1" [stack: 0x0000005722a00000,0x0000005722b00000] [id=15100]
  0x0000019e21d7fd30 GCTaskThread "GC Thread#2" [stack: 0x0000005722b00000,0x0000005722c00000] [id=12940]
  0x0000019e21d7ffe0 GCTaskThread "GC Thread#3" [stack: 0x0000005722c00000,0x0000005722d00000] [id=7460]
  0x0000019e21bf0dc0 GCTaskThread "GC Thread#4" [stack: 0x0000005722d00000,0x0000005722e00000] [id=12132]
  0x0000019e21e321e0 GCTaskThread "GC Thread#5" [stack: 0x0000005722e00000,0x0000005722f00000] [id=7232]
  0x0000019e21c7a040 GCTaskThread "GC Thread#6" [stack: 0x0000005722f00000,0x0000005723000000] [id=1300]
  0x0000019e2202e270 GCTaskThread "GC Thread#7" [stack: 0x0000005723000000,0x0000005723100000] [id=15000]
  0x0000019e7b47faf0 ConcurrentGCThread "G1 Main Marker" [stack: 0x0000005721700000,0x0000005721800000] [id=5088]
  0x0000019e7b481510 ConcurrentGCThread "G1 Conc#0" [stack: 0x0000005721800000,0x0000005721900000] [id=13824]
  0x0000019e240056a0 ConcurrentGCThread "G1 Conc#1" [stack: 0x0000005723100000,0x0000005723200000] [id=2872]
  0x0000019e7b4d8dc0 ConcurrentGCThread "G1 Refine#0" [stack: 0x0000005721900000,0x0000005721a00000] [id=12484]
  0x0000019e7b4d97e0 ConcurrentGCThread "G1 Service" [stack: 0x0000005721a00000,0x0000005721b00000] [id=5568]

Threads with active compile tasks:
C2 CompilerThread0     2563 3518   !   4       jdk.internal.loader.BuiltinClassLoader::loadClassOrNull (143 bytes)
C1 CompilerThread0     2563 3701       3       com.sun.tools.javac.parser.JavacParser::bracketsOpt (116 bytes)
C2 CompilerThread1     2563 3654       4       com.sun.tools.javac.parser.JavaTokenizer::scanIdent (639 bytes)
C2 CompilerThread2     2563 3687   !   4       com.sun.tools.javac.parser.JavaTokenizer::readToken (1731 bytes)

VM state: at safepoint (normal execution)

VM Mutex/Monitor currently owned by a thread:  ([mutex/lock_event])
[0x0000019e7b3fd680] Threads_lock - owner thread: 0x0000019e7fa036a0
[0x0000019e7b3fe370] Heap_lock - owner thread: 0x0000019e7b47faf0

Heap address: 0x0000000701c00000, size: 4068 MB, Compressed Oops mode: Zero based, Oop shift amount: 3

CDS archive(s) mapped at: [0x0000000800000000-0x0000000800bd0000-0x0000000800bd0000), size 12386304, SharedBaseAddress: 0x0000000800000000, ArchiveRelocationMode: 0.
Compressed class space mapped at: 0x0000000800c00000-0x0000000840c00000, reserved size: 1073741824
Narrow klass base: 0x0000000800000000, Narrow klass shift: 0, Narrow klass range: 0x100000000

GC Precious Log:
 CPUs: 8 total, 8 available
 Memory: 16267M
 Large Page Support: Disabled
 NUMA Support: Disabled
 Compressed Oops: Enabled (Zero based)
 Heap Region Size: 2M
 Heap Min Capacity: 8M
 Heap Initial Capacity: 256M
 Heap Max Capacity: 4068M
 Pre-touch: Disabled
 Parallel Workers: 8
 Concurrent Workers: 2
 Concurrent Refinement Workers: 8
 Periodic GC: Disabled

Heap:
 garbage-first heap   total 262144K, used 12112K [0x0000000701c00000, 0x0000000800000000)
  region size 2048K, 6 young (12288K), 5 survivors (10240K)
 Metaspace       used 21310K, committed 21568K, reserved 1073152K
  class space    used 2450K, committed 2560K, reserved 1048576K

Heap Regions: E=young(eden), S=young(survivor), O=old, HS=humongous(starts), HC=humongous(continues), CS=collection set, F=free, OA=open archive, CA=closed archive, TAMS=top-at-mark-start (previous, next)
|   0|0x0000000701c00000, 0x0000000701e00000, 0x0000000701e00000|100%| O|  |TAMS 0x0000000701c00000, 0x0000000701e00000| Untracked 
|   1|0x0000000701e00000, 0x0000000701f35400, 0x0000000702000000| 60%| O|  |TAMS 0x0000000701e00000, 0x0000000701f35400| Untracked 
|   2|0x0000000702000000, 0x0000000702000000, 0x0000000702200000|  0%| F|  |TAMS 0x0000000702000000, 0x0000000702000000| Untracked 
|   3|0x0000000702200000, 0x0000000702200000, 0x0000000702400000|  0%| F|  |TAMS 0x0000000702200000, 0x0000000702200000| Untracked 
|   4|0x0000000702400000, 0x0000000702400000, 0x0000000702600000|  0%| F|  |TAMS 0x0000000702400000, 0x0000000702400000| Untracked 
|   5|0x0000000702600000, 0x0000000702600000, 0x0000000702800000|  0%| F|  |TAMS 0x0000000702600000, 0x0000000702600000| Untracked 
|   6|0x0000000702800000, 0x0000000702800000, 0x0000000702a00000|  0%| F|  |TAMS 0x0000000702800000, 0x0000000702800000| Untracked 
|   7|0x0000000702a00000, 0x0000000702a00000, 0x0000000702c00000|  0%| F|  |TAMS 0x0000000702a00000, 0x0000000702a00000| Untracked 
|   8|0x0000000702c00000, 0x0000000702c00000, 0x0000000702e00000|  0%| F|  |TAMS 0x0000000702c00000, 0x0000000702c00000| Untracked 
|   9|0x0000000702e00000, 0x0000000702e00000, 0x0000000703000000|  0%| F|  |TAMS 0x0000000702e00000, 0x0000000702e00000| Untracked 
|  10|0x0000000703000000, 0x0000000703000000, 0x0000000703200000|  0%| F|  |TAMS 0x0000000703000000, 0x0000000703000000| Untracked 
|  11|0x0000000703200000, 0x0000000703200000, 0x0000000703400000|  0%| F|  |TAMS 0x0000000703200000, 0x0000000703200000| Untracked 
|  12|0x0000000703400000, 0x0000000703400000, 0x0000000703600000|  0%| F|  |TAMS 0x0000000703400000, 0x0000000703400000| Untracked 
|  13|0x0000000703600000, 0x0000000703600000, 0x0000000703800000|  0%| F|  |TAMS 0x0000000703600000, 0x0000000703600000| Untracked 
|  14|0x0000000703800000, 0x0000000703800000, 0x0000000703a00000|  0%| F|  |TAMS 0x0000000703800000, 0x0000000703800000| Untracked 
|  15|0x0000000703a00000, 0x0000000703a00000, 0x0000000703c00000|  0%| F|  |TAMS 0x0000000703a00000, 0x0000000703a00000| Untracked 
|  16|0x0000000703c00000, 0x0000000703c00000, 0x0000000703e00000|  0%| F|  |TAMS 0x0000000703c00000, 0x0000000703c00000| Untracked 
|  17|0x0000000703e00000, 0x0000000703e00000, 0x0000000704000000|  0%| F|  |TAMS 0x0000000703e00000, 0x0000000703e00000| Untracked 
|  18|0x0000000704000000, 0x0000000704000000, 0x0000000704200000|  0%| F|  |TAMS 0x0000000704000000, 0x0000000704000000| Untracked 
|  19|0x0000000704200000, 0x0000000704200000, 0x0000000704400000|  0%| F|  |TAMS 0x0000000704200000, 0x0000000704200000| Untracked 
|  20|0x0000000704400000, 0x0000000704400000, 0x0000000704600000|  0%| F|  |TAMS 0x0000000704400000, 0x0000000704400000| Untracked 
|  21|0x0000000704600000, 0x0000000704600000, 0x0000000704800000|  0%| F|  |TAMS 0x0000000704600000, 0x0000000704600000| Untracked 
|  22|0x0000000704800000, 0x0000000704800000, 0x0000000704a00000|  0%| F|  |TAMS 0x0000000704800000, 0x0000000704800000| Untracked 
|  23|0x0000000704a00000, 0x0000000704a00000, 0x0000000704c00000|  0%| F|  |TAMS 0x0000000704a00000, 0x0000000704a00000| Untracked 
|  24|0x0000000704c00000, 0x0000000704c00000, 0x0000000704e00000|  0%| F|  |TAMS 0x0000000704c00000, 0x0000000704c00000| Untracked 
|  25|0x0000000704e00000, 0x0000000704e00000, 0x0000000705000000|  0%| F|  |TAMS 0x0000000704e00000, 0x0000000704e00000| Untracked 
|  26|0x0000000705000000, 0x0000000705000000, 0x0000000705200000|  0%| F|  |TAMS 0x0000000705000000, 0x0000000705000000| Untracked 
|  27|0x0000000705200000, 0x0000000705200000, 0x0000000705400000|  0%| F|  |TAMS 0x0000000705200000, 0x0000000705200000| Untracked 
|  28|0x0000000705400000, 0x0000000705400000, 0x0000000705600000|  0%| F|  |TAMS 0x0000000705400000, 0x0000000705400000| Untracked 
|  29|0x0000000705600000, 0x0000000705600000, 0x0000000705800000|  0%| F|  |TAMS 0x0000000705600000, 0x0000000705600000| Untracked 
|  30|0x0000000705800000, 0x0000000705800000, 0x0000000705a00000|  0%| F|  |TAMS 0x0000000705800000, 0x0000000705800000| Untracked 
|  31|0x0000000705a00000, 0x0000000705a00000, 0x0000000705c00000|  0%| F|  |TAMS 0x0000000705a00000, 0x0000000705a00000| Untracked 
|  32|0x0000000705c00000, 0x0000000705c00000, 0x0000000705e00000|  0%| F|  |TAMS 0x0000000705c00000, 0x0000000705c00000| Untracked 
|  33|0x0000000705e00000, 0x0000000705e00000, 0x0000000706000000|  0%| F|  |TAMS 0x0000000705e00000, 0x0000000705e00000| Untracked 
|  34|0x0000000706000000, 0x0000000706000000, 0x0000000706200000|  0%| F|  |TAMS 0x0000000706000000, 0x0000000706000000| Untracked 
|  35|0x0000000706200000, 0x0000000706200000, 0x0000000706400000|  0%| F|  |TAMS 0x0000000706200000, 0x0000000706200000| Untracked 
|  36|0x0000000706400000, 0x0000000706400000, 0x0000000706600000|  0%| F|  |TAMS 0x0000000706400000, 0x0000000706400000| Untracked 
|  37|0x0000000706600000, 0x0000000706600000, 0x0000000706800000|  0%| F|  |TAMS 0x0000000706600000, 0x0000000706600000| Untracked 
|  38|0x0000000706800000, 0x0000000706800000, 0x0000000706a00000|  0%| F|  |TAMS 0x0000000706800000, 0x0000000706800000| Untracked 
|  39|0x0000000706a00000, 0x0000000706a00000, 0x0000000706c00000|  0%| F|  |TAMS 0x0000000706a00000, 0x0000000706a00000| Untracked 
|  40|0x0000000706c00000, 0x0000000706c00000, 0x0000000706e00000|  0%| F|  |TAMS 0x0000000706c00000, 0x0000000706c00000| Untracked 
|  41|0x0000000706e00000, 0x0000000706e00000, 0x0000000707000000|  0%| F|  |TAMS 0x0000000706e00000, 0x0000000706e00000| Untracked 
|  42|0x0000000707000000, 0x0000000707000000, 0x0000000707200000|  0%| F|  |TAMS 0x0000000707000000, 0x0000000707000000| Untracked 
|  43|0x0000000707200000, 0x0000000707200000, 0x0000000707400000|  0%| F|  |TAMS 0x0000000707200000, 0x0000000707200000| Untracked 
|  44|0x0000000707400000, 0x0000000707400000, 0x0000000707600000|  0%| F|  |TAMS 0x0000000707400000, 0x0000000707400000| Untracked 
|  45|0x0000000707600000, 0x0000000707600000, 0x0000000707800000|  0%| F|  |TAMS 0x0000000707600000, 0x0000000707600000| Untracked 
|  46|0x0000000707800000, 0x0000000707800000, 0x0000000707a00000|  0%| F|  |TAMS 0x0000000707800000, 0x0000000707800000| Untracked 
|  47|0x0000000707a00000, 0x0000000707a00000, 0x0000000707c00000|  0%| F|  |TAMS 0x0000000707a00000, 0x0000000707a00000| Untracked 
|  48|0x0000000707c00000, 0x0000000707c00000, 0x0000000707e00000|  0%| F|  |TAMS 0x0000000707c00000, 0x0000000707c00000| Untracked 
|  49|0x0000000707e00000, 0x0000000707e00000, 0x0000000708000000|  0%| F|  |TAMS 0x0000000707e00000, 0x0000000707e00000| Untracked 
|  50|0x0000000708000000, 0x0000000708000000, 0x0000000708200000|  0%| F|  |TAMS 0x0000000708000000, 0x0000000708000000| Untracked 
|  51|0x0000000708200000, 0x0000000708200000, 0x0000000708400000|  0%| F|  |TAMS 0x0000000708200000, 0x0000000708200000| Untracked 
|  52|0x0000000708400000, 0x0000000708400000, 0x0000000708600000|  0%| F|  |TAMS 0x0000000708400000, 0x0000000708400000| Untracked 
|  53|0x0000000708600000, 0x0000000708600000, 0x0000000708800000|  0%| F|  |TAMS 0x0000000708600000, 0x0000000708600000| Untracked 
|  54|0x0000000708800000, 0x0000000708800000, 0x0000000708a00000|  0%| F|  |TAMS 0x0000000708800000, 0x0000000708800000| Untracked 
|  55|0x0000000708a00000, 0x0000000708a00000, 0x0000000708c00000|  0%| F|  |TAMS 0x0000000708a00000, 0x0000000708a00000| Untracked 
|  56|0x0000000708c00000, 0x0000000708c00000, 0x0000000708e00000|  0%| F|  |TAMS 0x0000000708c00000, 0x0000000708c00000| Untracked 
|  57|0x0000000708e00000, 0x0000000708e00000, 0x0000000709000000|  0%| F|  |TAMS 0x0000000708e00000, 0x0000000708e00000| Untracked 
|  58|0x0000000709000000, 0x0000000709000000, 0x0000000709200000|  0%| F|  |TAMS 0x0000000709000000, 0x0000000709000000| Untracked 
|  59|0x0000000709200000, 0x0000000709200000, 0x0000000709400000|  0%| F|  |TAMS 0x0000000709200000, 0x0000000709200000| Untracked 
|  60|0x0000000709400000, 0x0000000709400000, 0x0000000709600000|  0%| F|  |TAMS 0x0000000709400000, 0x0000000709400000| Untracked 
|  61|0x0000000709600000, 0x0000000709600000, 0x0000000709800000|  0%| F|  |TAMS 0x0000000709600000, 0x0000000709600000| Untracked 
|  62|0x0000000709800000, 0x0000000709800000, 0x0000000709a00000|  0%| F|  |TAMS 0x0000000709800000, 0x0000000709800000| Untracked 
|  63|0x0000000709a00000, 0x0000000709a00000, 0x0000000709c00000|  0%| F|  |TAMS 0x0000000709a00000, 0x0000000709a00000| Untracked 
|  64|0x0000000709c00000, 0x0000000709c00000, 0x0000000709e00000|  0%| F|  |TAMS 0x0000000709c00000, 0x0000000709c00000| Untracked 
|  65|0x0000000709e00000, 0x0000000709e00000, 0x000000070a000000|  0%| F|  |TAMS 0x0000000709e00000, 0x0000000709e00000| Untracked 
|  66|0x000000070a000000, 0x000000070a000000, 0x000000070a200000|  0%| F|  |TAMS 0x000000070a000000, 0x000000070a000000| Untracked 
|  67|0x000000070a200000, 0x000000070a200000, 0x000000070a400000|  0%| F|  |TAMS 0x000000070a200000, 0x000000070a200000| Untracked 
|  68|0x000000070a400000, 0x000000070a400000, 0x000000070a600000|  0%| F|  |TAMS 0x000000070a400000, 0x000000070a400000| Untracked 
|  69|0x000000070a600000, 0x000000070a600000, 0x000000070a800000|  0%| F|  |TAMS 0x000000070a600000, 0x000000070a600000| Untracked 
|  70|0x000000070a800000, 0x000000070a800000, 0x000000070aa00000|  0%| F|  |TAMS 0x000000070a800000, 0x000000070a800000| Untracked 
|  71|0x000000070aa00000, 0x000000070aa00000, 0x000000070ac00000|  0%| F|  |TAMS 0x000000070aa00000, 0x000000070aa00000| Untracked 
|  72|0x000000070ac00000, 0x000000070ac00000, 0x000000070ae00000|  0%| F|  |TAMS 0x000000070ac00000, 0x000000070ac00000| Untracked 
|  73|0x000000070ae00000, 0x000000070ae00000, 0x000000070b000000|  0%| F|  |TAMS 0x000000070ae00000, 0x000000070ae00000| Untracked 
|  74|0x000000070b000000, 0x000000070b000000, 0x000000070b200000|  0%| F|  |TAMS 0x000000070b000000, 0x000000070b000000| Untracked 
|  75|0x000000070b200000, 0x000000070b200000, 0x000000070b400000|  0%| F|  |TAMS 0x000000070b200000, 0x000000070b200000| Untracked 
|  76|0x000000070b400000, 0x000000070b400000, 0x000000070b600000|  0%| F|  |TAMS 0x000000070b400000, 0x000000070b400000| Untracked 
|  77|0x000000070b600000, 0x000000070b600000, 0x000000070b800000|  0%| F|  |TAMS 0x000000070b600000, 0x000000070b600000| Untracked 
|  78|0x000000070b800000, 0x000000070b800000, 0x000000070ba00000|  0%| F|  |TAMS 0x000000070b800000, 0x000000070b800000| Untracked 
|  79|0x000000070ba00000, 0x000000070ba00000, 0x000000070bc00000|  0%| F|  |TAMS 0x000000070ba00000, 0x000000070ba00000| Untracked 
|  80|0x000000070bc00000, 0x000000070bc00000, 0x000000070be00000|  0%| F|  |TAMS 0x000000070bc00000, 0x000000070bc00000| Untracked 
|  81|0x000000070be00000, 0x000000070be00000, 0x000000070c000000|  0%| F|  |TAMS 0x000000070be00000, 0x000000070be00000| Untracked 
|  82|0x000000070c000000, 0x000000070c000000, 0x000000070c200000|  0%| F|  |TAMS 0x000000070c000000, 0x000000070c000000| Untracked 
|  83|0x000000070c200000, 0x000000070c200000, 0x000000070c400000|  0%| F|  |TAMS 0x000000070c200000, 0x000000070c200000| Untracked 
|  84|0x000000070c400000, 0x000000070c49ee80, 0x000000070c600000| 31%| S|CS|TAMS 0x000000070c400000, 0x000000070c400000| Complete 
|  85|0x000000070c600000, 0x000000070c800000, 0x000000070c800000|100%| S|CS|TAMS 0x000000070c600000, 0x000000070c600000| Complete 
|  86|0x000000070c800000, 0x000000070ca00000, 0x000000070ca00000|100%| S|CS|TAMS 0x000000070c800000, 0x000000070c800000| Complete 
|  87|0x000000070ca00000, 0x000000070cc00000, 0x000000070cc00000|100%| S|CS|TAMS 0x000000070ca00000, 0x000000070ca00000| Complete 
|  88|0x000000070cc00000, 0x000000070ce00000, 0x000000070ce00000|100%| S|CS|TAMS 0x000000070cc00000, 0x000000070cc00000| Complete 
|  89|0x000000070ce00000, 0x000000070ce00000, 0x000000070d000000|  0%| F|  |TAMS 0x000000070ce00000, 0x000000070ce00000| Untracked 
|  90|0x000000070d000000, 0x000000070d000000, 0x000000070d200000|  0%| F|  |TAMS 0x000000070d000000, 0x000000070d000000| Untracked 
|  91|0x000000070d200000, 0x000000070d200000, 0x000000070d400000|  0%| F|  |TAMS 0x000000070d200000, 0x000000070d200000| Untracked 
|  92|0x000000070d400000, 0x000000070d400000, 0x000000070d600000|  0%| F|  |TAMS 0x000000070d400000, 0x000000070d400000| Untracked 
|  93|0x000000070d600000, 0x000000070d600000, 0x000000070d800000|  0%| F|  |TAMS 0x000000070d600000, 0x000000070d600000| Untracked 
|  94|0x000000070d800000, 0x000000070d800000, 0x000000070da00000|  0%| F|  |TAMS 0x000000070d800000, 0x000000070d800000| Untracked 
|  95|0x000000070da00000, 0x000000070da00000, 0x000000070dc00000|  0%| F|  |TAMS 0x000000070da00000, 0x000000070da00000| Untracked 
|  96|0x000000070dc00000, 0x000000070dc00000, 0x000000070de00000|  0%| F|  |TAMS 0x000000070dc00000, 0x000000070dc00000| Untracked 
|  97|0x000000070de00000, 0x000000070de00000, 0x000000070e000000|  0%| F|  |TAMS 0x000000070de00000, 0x000000070de00000| Untracked 
|  98|0x000000070e000000, 0x000000070e000000, 0x000000070e200000|  0%| F|  |TAMS 0x000000070e000000, 0x000000070e000000| Untracked 
|  99|0x000000070e200000, 0x000000070e200000, 0x000000070e400000|  0%| F|  |TAMS 0x000000070e200000, 0x000000070e200000| Untracked 
| 100|0x000000070e400000, 0x000000070e400000, 0x000000070e600000|  0%| F|  |TAMS 0x000000070e400000, 0x000000070e400000| Untracked 
| 101|0x000000070e600000, 0x000000070e600000, 0x000000070e800000|  0%| F|  |TAMS 0x000000070e600000, 0x000000070e600000| Untracked 
| 102|0x000000070e800000, 0x000000070e800000, 0x000000070ea00000|  0%| F|  |TAMS 0x000000070e800000, 0x000000070e800000| Untracked 
| 103|0x000000070ea00000, 0x000000070ea00000, 0x000000070ec00000|  0%| F|  |TAMS 0x000000070ea00000, 0x000000070ea00000| Untracked 
| 104|0x000000070ec00000, 0x000000070ec00000, 0x000000070ee00000|  0%| F|  |TAMS 0x000000070ec00000, 0x000000070ec00000| Untracked 
| 105|0x000000070ee00000, 0x000000070ee00000, 0x000000070f000000|  0%| F|  |TAMS 0x000000070ee00000, 0x000000070ee00000| Untracked 
| 106|0x000000070f000000, 0x000000070f000000, 0x000000070f200000|  0%| F|  |TAMS 0x000000070f000000, 0x000000070f000000| Untracked 
| 107|0x000000070f200000, 0x000000070f200000, 0x000000070f400000|  0%| F|  |TAMS 0x000000070f200000, 0x000000070f200000| Untracked 
| 108|0x000000070f400000, 0x000000070f400000, 0x000000070f600000|  0%| F|  |TAMS 0x000000070f400000, 0x000000070f400000| Untracked 
| 109|0x000000070f600000, 0x000000070f600000, 0x000000070f800000|  0%| F|  |TAMS 0x000000070f600000, 0x000000070f600000| Untracked 
| 110|0x000000070f800000, 0x000000070f800000, 0x000000070fa00000|  0%| F|  |TAMS 0x000000070f800000, 0x000000070f800000| Untracked 
| 111|0x000000070fa00000, 0x000000070fa00000, 0x000000070fc00000|  0%| F|  |TAMS 0x000000070fa00000, 0x000000070fa00000| Untracked 
| 112|0x000000070fc00000, 0x000000070fc00000, 0x000000070fe00000|  0%| F|  |TAMS 0x000000070fc00000, 0x000000070fc00000| Untracked 
| 113|0x000000070fe00000, 0x000000070fe00000, 0x0000000710000000|  0%| F|  |TAMS 0x000000070fe00000, 0x000000070fe00000| Untracked 
| 114|0x0000000710000000, 0x0000000710000000, 0x0000000710200000|  0%| F|  |TAMS 0x0000000710000000, 0x0000000710000000| Untracked 
| 115|0x0000000710200000, 0x0000000710200000, 0x0000000710400000|  0%| F|  |TAMS 0x0000000710200000, 0x0000000710200000| Untracked 
| 116|0x0000000710400000, 0x0000000710400000, 0x0000000710600000|  0%| F|  |TAMS 0x0000000710400000, 0x0000000710400000| Untracked 
| 117|0x0000000710600000, 0x0000000710600000, 0x0000000710800000|  0%| F|  |TAMS 0x0000000710600000, 0x0000000710600000| Untracked 
| 118|0x0000000710800000, 0x0000000710800000, 0x0000000710a00000|  0%| F|  |TAMS 0x0000000710800000, 0x0000000710800000| Untracked 
| 119|0x0000000710a00000, 0x0000000710a00000, 0x0000000710c00000|  0%| F|  |TAMS 0x0000000710a00000, 0x0000000710a00000| Untracked 
| 120|0x0000000710c00000, 0x0000000710c00000, 0x0000000710e00000|  0%| F|  |TAMS 0x0000000710c00000, 0x0000000710c00000| Untracked 
| 121|0x0000000710e00000, 0x0000000710e00000, 0x0000000711000000|  0%| F|  |TAMS 0x0000000710e00000, 0x0000000710e00000| Untracked 
| 122|0x0000000711000000, 0x0000000711000000, 0x0000000711200000|  0%| F|  |TAMS 0x0000000711000000, 0x0000000711000000| Untracked 
| 123|0x0000000711200000, 0x0000000711200000, 0x0000000711400000|  0%| F|  |TAMS 0x0000000711200000, 0x0000000711200000| Untracked 
| 124|0x0000000711400000, 0x0000000711400000, 0x0000000711600000|  0%| F|  |TAMS 0x0000000711400000, 0x0000000711400000| Untracked 
| 125|0x0000000711600000, 0x0000000711600000, 0x0000000711800000|  0%| F|  |TAMS 0x0000000711600000, 0x0000000711600000| Untracked 
| 126|0x0000000711800000, 0x0000000711800000, 0x0000000711a00000|  0%| F|  |TAMS 0x0000000711800000, 0x0000000711800000| Untracked 
| 127|0x0000000711a00000, 0x0000000711b00000, 0x0000000711c00000| 50%| E|  |TAMS 0x0000000711a00000, 0x0000000711a00000| Complete 

Card table byte_map: [0x0000019e7df20000,0x0000019e7e720000] _byte_map_base: 0x0000019e7a712000

Marking Bits (Prev, Next): (CMBitMap*) 0x0000019e7b46f380, (CMBitMap*) 0x0000019e7b46f3c0
 Prev Bits: [0x0000019e167b0000, 0x0000019e1a740000)
 Next Bits: [0x0000019e1a740000, 0x0000019e1e6d0000)

Polling page: 0x0000019e7b4e0000

Metaspace:

Usage:
  Non-class:     18.42 MB used.
      Class:      2.39 MB used.
       Both:     20.81 MB used.

Virtual space:
  Non-class space:       24.00 MB reserved,      18.56 MB ( 77%) committed,  3 nodes.
      Class space:        1.00 GB reserved,       2.50 MB ( <1%) committed,  1 nodes.
             Both:        1.02 GB reserved,      21.06 MB (  2%) committed. 

Chunk freelists:
   Non-Class:  864.00 KB
       Class:  1.36 MB
        Both:  2.20 MB

MaxMetaspaceSize: unlimited
CompressedClassSpaceSize: 1.00 GB
Initial GC threshold: 21.00 MB
Current GC threshold: 21.31 MB
CDS: on
MetaspaceReclaimPolicy: balanced
 - commit_granule_bytes: 65536.
 - commit_granule_words: 8192.
 - virtual_space_node_default_size: 1048576.
 - enlarge_chunks_in_place: 1.
 - new_chunks_are_fully_committed: 0.
 - uncommit_free_chunks: 1.
 - use_allocation_guard: 0.
 - handle_deallocations: 1.


Internal statistics:

num_allocs_failed_limit: 3.
num_arena_births: 118.
num_arena_deaths: 0.
num_vsnodes_births: 4.
num_vsnodes_deaths: 0.
num_space_committed: 337.
num_space_uncommitted: 0.
num_chunks_returned_to_freelist: 3.
num_chunks_taken_from_freelist: 857.
num_chunk_merges: 3.
num_chunk_splits: 639.
num_chunks_enlarged: 520.
num_purges: 0.
num_inconsistent_stats: 0.

CodeHeap 'non-profiled nmethods': size=120000Kb used=1774Kb max_used=1774Kb free=118225Kb
 bounds [0x0000019e0f280000, 0x0000019e0f4f0000, 0x0000019e167b0000]
CodeHeap 'profiled nmethods': size=120000Kb used=7427Kb max_used=7427Kb free=112572Kb
 bounds [0x0000019e077b0000, 0x0000019e07f00000, 0x0000019e0ece0000]
CodeHeap 'non-nmethods': size=5760Kb used=1194Kb max_used=1268Kb free=4565Kb
 bounds [0x0000019e0ece0000, 0x0000019e0ef50000, 0x0000019e0f280000]
 total_blobs=4164 nmethods=3674 adapters=402
 compilation: enabled
              stopped_count=0, restarted_count=0
 full_count=0

Compilation events (20 events):
Event: 2.419 Thread 0x0000019e7fa26060 nmethod 3683 0x0000019e07edc410 code [0x0000019e07edc6a0, 0x0000019e07edd538]
Event: 2.419 Thread 0x0000019e7fa26060 3676       3       com.sun.tools.javac.parser.JavacParser::blockStatement (1439 bytes)
Event: 2.429 Thread 0x0000019e7fa26060 nmethod 3676 0x0000019e07edd990 code [0x0000019e07ede740, 0x0000019e07ee7cd8]
Event: 2.429 Thread 0x0000019e7fa26060 3674       3       com.sun.tools.javac.parser.Tokens::lookupKind (26 bytes)
Event: 2.429 Thread 0x0000019e7fa26060 nmethod 3674 0x0000019e07eea710 code [0x0000019e07eea8c0, 0x0000019e07eeac08]
Event: 2.429 Thread 0x0000019e7fa26060 3695       3       com.sun.tools.javac.parser.JavacParser::isNonSealedClassStart (33 bytes)
Event: 2.430 Thread 0x0000019e7fa26060 nmethod 3695 0x0000019e07eead10 code [0x0000019e07eeaf00, 0x0000019e07eeb3d8]
Event: 2.430 Thread 0x0000019e7fa26060 3696       3       com.sun.tools.javac.parser.JavacParser::isNonSealedIdentifier (104 bytes)
Event: 2.430 Thread 0x0000019e7fa26060 nmethod 3696 0x0000019e07eeb590 code [0x0000019e07eeb800, 0x0000019e07eec3b8]
Event: 2.430 Thread 0x0000019e7fa26060 3698       3       com.sun.tools.javac.parser.UnicodeReader::nextCodePoint (104 bytes)
Event: 2.431 Thread 0x0000019e7fa26060 nmethod 3698 0x0000019e07eec790 code [0x0000019e07eec980, 0x0000019e07eecff8]
Event: 2.431 Thread 0x0000019e7fa26060 3673       3       com.sun.tools.javac.util.List$3::next (39 bytes)
Event: 2.431 Thread 0x0000019e7fa26060 nmethod 3673 0x0000019e07eed190 code [0x0000019e07eed340, 0x0000019e07eed5e8]
Event: 2.431 Thread 0x0000019e7fa26060 3688       3       com.sun.tools.javac.parser.JavacParser::storeEnd (10 bytes)
Event: 2.431 Thread 0x0000019e7fa26060 nmethod 3688 0x0000019e07eed710 code [0x0000019e07eed8c0, 0x0000019e07eedac8]
Event: 2.431 Thread 0x0000019e7fa26060 3686       3       com.sun.tools.javac.parser.JavacParser::arguments (100 bytes)
Event: 2.432 Thread 0x0000019e7fa26060 nmethod 3686 0x0000019e07eedc10 code [0x0000019e07eedf00, 0x0000019e07eef2d8]
Event: 2.432 Thread 0x0000019e7fa26060 3692       3       com.sun.tools.javac.parser.JavacParser::restrictedTypeNameStartingAtSource (213 bytes)
Event: 2.432 Thread 0x0000019e7fa26060 nmethod 3692 0x0000019e07eefa90 code [0x0000019e07eefd40, 0x0000019e07ef0a98]
Event: 2.432 Thread 0x0000019e7fa26060 3701       3       com.sun.tools.javac.parser.JavacParser::bracketsOpt (116 bytes)

GC Heap History (6 events):
Event: 0.678 GC heap before
{Heap before GC invocations=0 (full 0):
 garbage-first heap   total 262144K, used 22528K [0x0000000701c00000, 0x0000000800000000)
  region size 2048K, 11 young (22528K), 0 survivors (0K)
 Metaspace       used 4765K, committed 4928K, reserved 1056768K
  class space    used 560K, committed 640K, reserved 1048576K
}
Event: 0.681 GC heap after
{Heap after GC invocations=1 (full 0):
 garbage-first heap   total 262144K, used 3598K [0x0000000701c00000, 0x0000000800000000)
  region size 2048K, 2 young (4096K), 2 survivors (4096K)
 Metaspace       used 4765K, committed 4928K, reserved 1056768K
  class space    used 560K, committed 640K, reserved 1048576K
}
Event: 1.310 GC heap before
{Heap before GC invocations=1 (full 0):
 garbage-first heap   total 262144K, used 34318K [0x0000000701c00000, 0x0000000800000000)
  region size 2048K, 17 young (34816K), 2 survivors (4096K)
 Metaspace       used 10370K, committed 10560K, reserved 1064960K
  class space    used 1270K, committed 1344K, reserved 1048576K
}
Event: 1.314 GC heap after
{Heap after GC invocations=2 (full 0):
 garbage-first heap   total 262144K, used 5882K [0x0000000701c00000, 0x0000000800000000)
  region size 2048K, 2 young (4096K), 2 survivors (4096K)
 Metaspace       used 10370K, committed 10560K, reserved 1064960K
  class space    used 1270K, committed 1344K, reserved 1048576K
}
Event: 2.420 GC heap before
{Heap before GC invocations=2 (full 0):
 garbage-first heap   total 262144K, used 79610K [0x0000000701c00000, 0x0000000800000000)
  region size 2048K, 39 young (79872K), 2 survivors (4096K)
 Metaspace       used 21285K, committed 21504K, reserved 1073152K
  class space    used 2450K, committed 2560K, reserved 1048576K
}
Event: 2.425 GC heap after
{Heap after GC invocations=3 (full 0):
 garbage-first heap   total 262144K, used 12112K [0x0000000701c00000, 0x0000000800000000)
  region size 2048K, 5 young (10240K), 5 survivors (10240K)
 Metaspace       used 21285K, committed 21504K, reserved 1073152K
  class space    used 2450K, committed 2560K, reserved 1048576K
}

Deoptimization events (20 events):
Event: 2.379 Thread 0x0000019e7b4031b0 Uncommon trap: trap_request=0xffffff45 fr.pc=0x0000019e0f432544 relative=0x00000000000000c4
Event: 2.379 Thread 0x0000019e7b4031b0 Uncommon trap: reason=unstable_if action=reinterpret pc=0x0000019e0f432544 method=com.sun.tools.javac.parser.UnicodeReader.nextUnicodeInputCharacter()V @ 28 c2
Event: 2.379 Thread 0x0000019e7b4031b0 DEOPT PACKING pc=0x0000019e0f432544 sp=0x00000057215fcac0
Event: 2.379 Thread 0x0000019e7b4031b0 DEOPT UNPACKING pc=0x0000019e0ed323a3 sp=0x00000057215fca68 mode 2
Event: 2.406 Thread 0x0000019e7b4031b0 Uncommon trap: trap_request=0xffffff45 fr.pc=0x0000019e0f436d00 relative=0x0000000000000160
Event: 2.406 Thread 0x0000019e7b4031b0 Uncommon trap: reason=unstable_if action=reinterpret pc=0x0000019e0f436d00 method=com.sun.tools.javac.parser.UnicodeReader.nextUnicodeInputCharacter()V @ 35 c2
Event: 2.406 Thread 0x0000019e7b4031b0 DEOPT PACKING pc=0x0000019e0f436d00 sp=0x00000057215faf70
Event: 2.406 Thread 0x0000019e7b4031b0 DEOPT UNPACKING pc=0x0000019e0ed323a3 sp=0x00000057215faea8 mode 2
Event: 2.406 Thread 0x0000019e7b4031b0 Uncommon trap: trap_request=0xffffff45 fr.pc=0x0000019e0f43726c relative=0x000000000000014c
Event: 2.406 Thread 0x0000019e7b4031b0 Uncommon trap: reason=unstable_if action=reinterpret pc=0x0000019e0f43726c method=com.sun.tools.javac.parser.UnicodeReader.nextUnicodeInputCharacter()V @ 35 c2
Event: 2.406 Thread 0x0000019e7b4031b0 DEOPT PACKING pc=0x0000019e0f43726c sp=0x00000057215fa9f0
Event: 2.406 Thread 0x0000019e7b4031b0 DEOPT UNPACKING pc=0x0000019e0ed323a3 sp=0x00000057215fa9a0 mode 2
Event: 2.430 Thread 0x0000019e7b4031b0 Uncommon trap: trap_request=0xffffff45 fr.pc=0x0000019e0f43b280 relative=0x0000000000000160
Event: 2.430 Thread 0x0000019e7b4031b0 Uncommon trap: reason=unstable_if action=reinterpret pc=0x0000019e0f43b280 method=com.sun.tools.javac.parser.UnicodeReader.nextUnicodeInputCharacter()V @ 56 c2
Event: 2.430 Thread 0x0000019e7b4031b0 DEOPT PACKING pc=0x0000019e0f43b280 sp=0x00000057215fc540
Event: 2.430 Thread 0x0000019e7b4031b0 DEOPT UNPACKING pc=0x0000019e0ed323a3 sp=0x00000057215fc478 mode 2
Event: 2.430 Thread 0x0000019e7b4031b0 Uncommon trap: trap_request=0xffffff45 fr.pc=0x0000019e0f434ddc relative=0x000000000000005c
Event: 2.430 Thread 0x0000019e7b4031b0 Uncommon trap: reason=unstable_if action=reinterpret pc=0x0000019e0f434ddc method=com.sun.tools.javac.parser.UnicodeReader.isASCII()Z @ 6 c2
Event: 2.430 Thread 0x0000019e7b4031b0 DEOPT PACKING pc=0x0000019e0f434ddc sp=0x00000057215fb370
Event: 2.430 Thread 0x0000019e7b4031b0 DEOPT UNPACKING pc=0x0000019e0ed323a3 sp=0x00000057215fb2f8 mode 2

Classes unloaded (0 events):
No events

Classes redefined (0 events):
No events

Internal exceptions (20 events):
Event: 1.222 Thread 0x0000019e7b4031b0 Exception <a 'java/lang/NoClassDefFoundError'{0x000000070fdb7858}: com/google/inject/servlet/ServletModuleTargetVisitor> (0x000000070fdb7858) 
thrown [s\open\src\hotspot\share\classfile\systemDictionary.cpp, line 245]
Event: 1.278 Thread 0x0000019e7b4031b0 Exception <a 'java/lang/NoSuchMethodError'{0x000000070faff8e8}: 'java.lang.Object java.lang.invoke.DirectMethodHandle$Holder.invokeStaticInit(java.lang.Object, int, int, int, int)'> (0x000000070faff8e8) 
thrown [s\open\src\hotspot\share\interpreter\linkResolver.cpp, line 759]
Event: 1.557 Thread 0x0000019e7b4031b0 Implicit null exception at 0x0000019e0f31476f to 0x0000019e0f314940
Event: 1.557 Thread 0x0000019e7b4031b0 Implicit null exception at 0x0000019e0f2f0a6f to 0x0000019e0f2f0c4c
Event: 1.557 Thread 0x0000019e7b4031b0 Implicit null exception at 0x0000019e0f2fe30f to 0x0000019e0f2fe389
Event: 1.883 Thread 0x0000019e7b4031b0 Exception <a 'java/lang/NoSuchMethodError'{0x000000070ea2a938}: 'java.lang.Object java.lang.invoke.DirectMethodHandle$Holder.invokeStaticInit(java.lang.Object)'> (0x000000070ea2a938) 
thrown [s\open\src\hotspot\share\interpreter\linkResolver.cpp, line 759]
Event: 1.884 Thread 0x0000019e7b4031b0 Exception <a 'java/lang/NoSuchMethodError'{0x000000070ea30908}: 'java.lang.Object java.lang.invoke.Invokers$Holder.invoke_MT(java.lang.Object, java.lang.Object, java.lang.Object)'> (0x000000070ea30908) 
thrown [s\open\src\hotspot\share\interpreter\linkResolver.cpp, line 759]
Event: 2.144 Thread 0x0000019e7b4031b0 Exception <a 'java/lang/NoSuchMethodError'{0x000000070d7c12e0}: 'void java.lang.invoke.DirectMethodHandle$Holder.invokeSpecial(java.lang.Object, java.lang.Object, java.lang.Object)'> (0x000000070d7c12e0) 
thrown [s\open\src\hotspot\share\interpreter\linkResolver.cpp, line 759]
Event: 2.169 Thread 0x0000019e7b4031b0 Exception <a 'java/lang/NoSuchMethodError'{0x000000070d4635c0}: 'java.lang.Object java.lang.invoke.DirectMethodHandle$Holder.invokeVirtual(java.lang.Object, java.lang.Object, java.lang.Object)'> (0x000000070d4635c0) 
thrown [s\open\src\hotspot\share\interpreter\linkResolver.cpp, line 759]
Event: 2.170 Thread 0x0000019e7b4031b0 Exception <a 'java/lang/NoSuchMethodError'{0x000000070d46bb90}: 'int java.lang.invoke.DirectMethodHandle$Holder.invokeInterface(java.lang.Object, java.lang.Object)'> (0x000000070d46bb90) 
thrown [s\open\src\hotspot\share\interpreter\linkResolver.cpp, line 759]
Event: 2.187 Thread 0x0000019e7b4031b0 Exception <a 'java/lang/NoSuchMethodError'{0x000000070d4d3ba0}: 'void java.lang.invoke.DirectMethodHandle$Holder.invokeStatic(java.lang.Object, java.lang.Object)'> (0x000000070d4d3ba0) 
thrown [s\open\src\hotspot\share\interpreter\linkResolver.cpp, line 759]
Event: 2.189 Thread 0x0000019e7b4031b0 Exception <a 'sun/nio/fs/WindowsException'{0x000000070d4e2e90}> (0x000000070d4e2e90) 
thrown [s\open\src\hotspot\share\prims\jni.cpp, line 516]
Event: 2.189 Thread 0x0000019e7b4031b0 Exception <a 'sun/nio/fs/WindowsException'{0x000000070d4e3328}> (0x000000070d4e3328) 
thrown [s\open\src\hotspot\share\prims\jni.cpp, line 516]
Event: 2.190 Thread 0x0000019e7b4031b0 Exception <a 'sun/nio/fs/WindowsException'{0x000000070d4e5a80}> (0x000000070d4e5a80) 
thrown [s\open\src\hotspot\share\prims\jni.cpp, line 516]
Event: 2.190 Thread 0x0000019e7b4031b0 Exception <a 'sun/nio/fs/WindowsException'{0x000000070d4e5cb0}> (0x000000070d4e5cb0) 
thrown [s\open\src\hotspot\share\prims\jni.cpp, line 516]
Event: 2.194 Thread 0x0000019e7b4031b0 Exception <a 'java/lang/NoSuchMethodError'{0x000000070d4f66e0}: 'int java.lang.invoke.DirectMethodHandle$Holder.invokeVirtual(java.lang.Object, java.lang.Object, java.lang.Object)'> (0x000000070d4f66e0) 
thrown [s\open\src\hotspot\share\interpreter\linkResolver.cpp, line 759]
Event: 2.195 Thread 0x0000019e7b4031b0 Exception <a 'java/lang/NoSuchMethodError'{0x000000070d4fcfd0}: 'void java.lang.invoke.DirectMethodHandle$Holder.invokeInterface(java.lang.Object, java.lang.Object, java.lang.Object)'> (0x000000070d4fcfd0) 
thrown [s\open\src\hotspot\share\interpreter\linkResolver.cpp, line 759]
Event: 2.250 Thread 0x0000019e7b4031b0 Exception <a 'java/lang/NoSuchMethodError'{0x000000070d204a78}: 'int java.lang.invoke.DirectMethodHandle$Holder.invokeStaticInit(java.lang.Object, java.lang.Object)'> (0x000000070d204a78) 
thrown [s\open\src\hotspot\share\interpreter\linkResolver.cpp, line 759]
Event: 2.290 Thread 0x0000019e7b4031b0 Exception <a 'java/lang/NoSuchMethodError'{0x000000070d29dd88}: 'int java.lang.invoke.DirectMethodHandle$Holder.invokeVirtual(java.lang.Object, java.lang.Object)'> (0x000000070d29dd88) 
thrown [s\open\src\hotspot\share\interpreter\linkResolver.cpp, line 759]
Event: 2.296 Thread 0x0000019e7b4031b0 Exception <a 'java/lang/NoSuchMethodError'{0x000000070d2ce200}: 'java.lang.Object java.lang.invoke.DirectMethodHandle$Holder.newInvokeSpecial(java.lang.Object, java.lang.Object, java.lang.Object, java.lang.Object, java.lang.Object, java.lang.Object)'> (0x000000070d2ce200) 
thrown [s\open\src\hotspot\share\interpreter\linkResolver.cpp, line 759]

VM Operations (20 events):
Event: 1.399 Executing VM operation: HandshakeAllThreads done
Event: 1.399 Executing VM operation: HandshakeAllThreads
Event: 1.399 Executing VM operation: HandshakeAllThreads done
Event: 1.400 Executing VM operation: HandshakeAllThreads
Event: 1.400 Executing VM operation: HandshakeAllThreads done
Event: 1.613 Executing VM operation: ICBufferFull
Event: 1.613 Executing VM operation: ICBufferFull done
Event: 1.672 Executing VM operation: HandshakeAllThreads
Event: 1.672 Executing VM operation: HandshakeAllThreads done
Event: 1.858 Executing VM operation: ICBufferFull
Event: 1.859 Executing VM operation: ICBufferFull done
Event: 2.238 Executing VM operation: ICBufferFull
Event: 2.238 Executing VM operation: ICBufferFull done
Event: 2.312 Executing VM operation: HandshakeAllThreads
Event: 2.312 Executing VM operation: HandshakeAllThreads done
Event: 2.313 Executing VM operation: HandshakeAllThreads
Event: 2.313 Executing VM operation: HandshakeAllThreads done
Event: 2.420 Executing VM operation: CollectForMetadataAllocation
Event: 2.425 Executing VM operation: CollectForMetadataAllocation done
Event: 2.433 Executing VM operation: G1Concurrent

Events (20 events):
Event: 2.313 loading class jdk/internal/jrtfs/SystemImage
Event: 2.314 loading class jdk/internal/jrtfs/SystemImage done
Event: 2.314 loading class java/security/AllPermissionCollection
Event: 2.314 loading class java/security/AllPermissionCollection done
Event: 2.314 loading class jdk/internal/jrtfs/SystemImage$2
Event: 2.314 loading class jdk/internal/jrtfs/SystemImage$2 done
Event: 2.314 loading class jdk/internal/jimage/ImageReader$Directory
Event: 2.314 loading class jdk/internal/jimage/ImageReader$Node
Event: 2.314 loading class jdk/internal/jimage/ImageReader$Node done
Event: 2.314 loading class jdk/internal/jimage/ImageReader$Directory done
Event: 2.315 loading class jdk/internal/jrtfs/SystemImage$1
Event: 2.315 loading class jdk/internal/jrtfs/SystemImage$1 done
Event: 2.328 loading class sun/invoke/util/VerifyAccess$1
Event: 2.328 loading class sun/invoke/util/VerifyAccess$1 done
Event: 2.336 loading class java/lang/UnsupportedClassVersionError
Event: 2.336 loading class java/lang/UnsupportedClassVersionError done
Event: 2.353 loading class java/util/BitSet
Event: 2.353 loading class java/util/BitSet done
Event: 2.355 loading class java/util/regex/Pattern$Caret
Event: 2.355 loading class java/util/regex/Pattern$Caret done


Dynamic libraries:
0x00007ff76fb80000 - 0x00007ff76fb90000 	C:\Program Files\Java\jdk-17\bin\java.exe
0x00007fff0fab0000 - 0x00007fff0fca8000 	C:\Windows\SYSTEM32\ntdll.dll
0x00007fff0e2c0000 - 0x00007fff0e37d000 	C:\Windows\System32\KERNEL32.DLL
0x00007fff0d560000 - 0x00007fff0d856000 	C:\Windows\System32\KERNELBASE.dll
0x00007fff0d3c0000 - 0x00007fff0d4c0000 	C:\Windows\System32\ucrtbase.dll
0x00007fff08f20000 - 0x00007fff08f39000 	C:\Program Files\Java\jdk-17\bin\jli.dll
0x00007fff08f40000 - 0x00007fff08f5b000 	C:\Program Files\Java\jdk-17\bin\VCRUNTIME140.dll
0x00007fff0f750000 - 0x00007fff0f803000 	C:\Windows\System32\ADVAPI32.dll
0x00007fff0f510000 - 0x00007fff0f5ae000 	C:\Windows\System32\msvcrt.dll
0x00007fff0e8c0000 - 0x00007fff0e95f000 	C:\Windows\System32\sechost.dll
0x00007fff0e380000 - 0x00007fff0e4a6000 	C:\Windows\System32\RPCRT4.dll
0x00007fff0d300000 - 0x00007fff0d327000 	C:\Windows\System32\bcrypt.dll
0x00007fff0ea80000 - 0x00007fff0ec1e000 	C:\Windows\System32\USER32.dll
0x00007fff0d860000 - 0x00007fff0d882000 	C:\Windows\System32\win32u.dll
0x00007fff0f9b0000 - 0x00007fff0f9db000 	C:\Windows\System32\GDI32.dll
0x00007ffef8170000 - 0x00007ffef840a000 	C:\Windows\WinSxS\amd64_microsoft.windows.common-controls_6595b64144ccf1df_6.0.19041.3636_none_60b6a03d71f818d5\COMCTL32.dll
0x00007fff0d170000 - 0x00007fff0d287000 	C:\Windows\System32\gdi32full.dll
0x00007fff0d4c0000 - 0x00007fff0d55d000 	C:\Windows\System32\msvcp_win.dll
0x00007fff04f20000 - 0x00007fff04f2a000 	C:\Windows\SYSTEM32\VERSION.dll
0x00007fff0e4d0000 - 0x00007fff0e502000 	C:\Windows\System32\IMM32.DLL
0x00007fff088f0000 - 0x00007fff088fc000 	C:\Program Files\Java\jdk-17\bin\vcruntime140_1.dll
0x00007ffee2930000 - 0x00007ffee29be000 	C:\Program Files\Java\jdk-17\bin\msvcp140.dll
0x00007ffeb44f0000 - 0x00007ffeb50cd000 	C:\Program Files\Java\jdk-17\bin\server\jvm.dll
0x00007fff0e4c0000 - 0x00007fff0e4c8000 	C:\Windows\System32\PSAPI.DLL
0x00007fff01550000 - 0x00007fff01577000 	C:\Windows\SYSTEM32\WINMM.dll
0x00007fff08ee0000 - 0x00007fff08ee9000 	C:\Windows\SYSTEM32\WSOCK32.dll
0x00007fff0f370000 - 0x00007fff0f3db000 	C:\Windows\System32\WS2_32.dll
0x00007fff0b020000 - 0x00007fff0b032000 	C:\Windows\SYSTEM32\kernel.appcore.dll
0x00007fff08260000 - 0x00007fff0826a000 	C:\Program Files\Java\jdk-17\bin\jimage.dll
0x00007ffefa370000 - 0x00007ffefa554000 	C:\Windows\SYSTEM32\DBGHELP.DLL
0x00007ffef2830000 - 0x00007ffef2864000 	C:\Windows\SYSTEM32\dbgcore.DLL
0x00007fff0d330000 - 0x00007fff0d3b2000 	C:\Windows\System32\bcryptPrimitives.dll
0x00007fff075d0000 - 0x00007fff075f5000 	C:\Program Files\Java\jdk-17\bin\java.dll
0x00007ffee10c0000 - 0x00007ffee1197000 	C:\Program Files\Java\jdk-17\bin\jsvml.dll
0x00007fff0ec20000 - 0x00007fff0f365000 	C:\Windows\System32\SHELL32.dll
0x00007fff0b220000 - 0x00007fff0b9bc000 	C:\Windows\SYSTEM32\windows.storage.dll
0x00007fff0df60000 - 0x00007fff0e2b4000 	C:\Windows\System32\combase.dll
0x00007fff0cad0000 - 0x00007fff0cafe000 	C:\Windows\SYSTEM32\Wldp.dll
0x00007fff0f810000 - 0x00007fff0f8dd000 	C:\Windows\System32\OLEAUT32.dll
0x00007fff0f900000 - 0x00007fff0f9ad000 	C:\Windows\System32\SHCORE.dll
0x00007fff0f6f0000 - 0x00007fff0f745000 	C:\Windows\System32\shlwapi.dll
0x00007fff0d0a0000 - 0x00007fff0d0c5000 	C:\Windows\SYSTEM32\profapi.dll
0x00007fff07b60000 - 0x00007fff07b79000 	C:\Program Files\Java\jdk-17\bin\net.dll
0x00007fff06f20000 - 0x00007fff0702a000 	C:\Windows\SYSTEM32\WINHTTP.dll
0x00007fff0c830000 - 0x00007fff0c89a000 	C:\Windows\system32\mswsock.dll
0x00007fff07ae0000 - 0x00007fff07af6000 	C:\Program Files\Java\jdk-17\bin\nio.dll
0x00007fff075b0000 - 0x00007fff075c8000 	C:\Program Files\Java\jdk-17\bin\zip.dll
0x0000000069ac0000 - 0x0000000069ae4000 	E:\apache-maven-3.8.8\lib\jansi-native\Windows\x86_64\jansi.dll
0x00007fff069e0000 - 0x00007fff069f0000 	C:\Program Files\Java\jdk-17\bin\verify.dll

dbghelp: loaded successfully - version: 4.0.5 - missing functions: none
symbol engine: initialized successfully - sym options: 0x614 - pdb path: .;C:\Program Files\Java\jdk-17\bin;C:\Windows\SYSTEM32;C:\Windows\WinSxS\amd64_microsoft.windows.common-controls_6595b64144ccf1df_6.0.19041.3636_none_60b6a03d71f818d5;C:\Program Files\Java\jdk-17\bin\server;E:\apache-maven-3.8.8\lib\jansi-native\Windows\x86_64

VM Arguments:
jvm_args: -Dclassworlds.conf=E:\\apache-maven-3.8.8\\bin\\m2.conf -Dmaven.home=E:\\apache-maven-3.8.8 -Dlibrary.jansi.path=E:\\apache-maven-3.8.8\\lib\\jansi-native -Dmaven.multiModuleProjectDirectory=E:\\Information_and_Technology_University\\Licence_3\\Semestre_6\\Mr_Naina\\Kombarika 
java_command: org.codehaus.plexus.classworlds.launcher.Launcher clean install
java_class_path (initial): E:\\apache-maven-3.8.8\\boot\\plexus-classworlds-2.6.0.jar
Launcher Type: SUN_STANDARD

[Global flags]
     intx CICompilerCount                          = 4                                         {product} {ergonomic}
     uint ConcGCThreads                            = 2                                         {product} {ergonomic}
     uint G1ConcRefinementThreads                  = 8                                         {product} {ergonomic}
   size_t G1HeapRegionSize                         = 2097152                                   {product} {ergonomic}
    uintx GCDrainStackTargetSize                   = 64                                        {product} {ergonomic}
   size_t InitialHeapSize                          = 268435456                                 {product} {ergonomic}
   size_t MarkStackSize                            = 4194304                                   {product} {ergonomic}
   size_t MaxHeapSize                              = 4265607168                                {product} {ergonomic}
   size_t MaxNewSize                               = 2558525440                                {product} {ergonomic}
   size_t MinHeapDeltaBytes                        = 2097152                                   {product} {ergonomic}
   size_t MinHeapSize                              = 8388608                                   {product} {ergonomic}
    uintx NonNMethodCodeHeapSize                   = 5839372                                {pd product} {ergonomic}
    uintx NonProfiledCodeHeapSize                  = 122909434                              {pd product} {ergonomic}
    uintx ProfiledCodeHeapSize                     = 122909434                              {pd product} {ergonomic}
    uintx ReservedCodeCacheSize                    = 251658240                              {pd product} {ergonomic}
     bool SegmentedCodeCache                       = true                                      {product} {ergonomic}
   size_t SoftMaxHeapSize                          = 4265607168                             {manageable} {ergonomic}
     bool UseCompressedClassPointers               = true                           {product lp64_product} {ergonomic}
     bool UseCompressedOops                        = true                           {product lp64_product} {ergonomic}
     bool UseG1GC                                  = true                                      {product} {ergonomic}
     bool UseLargePagesIndividualAllocation        = false                                  {pd product} {ergonomic}

Logging:
Log output configuration:
 #0: stdout all=warning uptime,level,tags
 #1: stderr all=off uptime,level,tags

Environment Variables:
PATH=C:\VulkanSDK\1.3.275.0\Bin;C:\Program Files\Common Files\Oracle\Java\javapath;C:\Windows\system32;C:\Windows;C:\Windows\System32\Wbem;C:\Windows\System32\WindowsPowerShell\v1.0\;C:\Windows\System32\OpenSSH\;C:\Program Files (x86)\NVIDIA Corporation\PhysX\Common;C:\Program Files\NVIDIA Corporation\NVIDIA NvDLISR;C:\Program Files\Microsoft SQL Server\150\Tools\Binn\;E:\apache-maven-3.8.8\bin;C:\Program Files\Git\cmd;C:\Program Files\nodejs\;C:\Program Files\Microsoft SQL Server\130\Tools\Binn\;C:\Program Files\Microsoft SQL Server\Client SDK\ODBC\170\Tools\Binn\;C:\Program Files\dotnet\;C:\Users\Administrator\AppData\Local\Programs\Python\Python311\Scripts\;C:\Users\Administrator\AppData\Local\Programs\Python\Python311\;C:\Users\Administrator\AppData\Local\Microsoft\WindowsApps;C:\Users\Administrator\AppData\Local\Programs\Microsoft VS Code\bin;C:\Users\Administrator\AppData\Roaming\npm;C:\Users\Administrator\.dotnet\tools;C:\Program Files (x86)\Brackets\
USERNAME=Administrator
OS=Windows_NT
PROCESSOR_IDENTIFIER=Intel64 Family 6 Model 158 Stepping 9, GenuineIntel



---------------  S Y S T E M  ---------------

OS:
 Windows 10 , 64 bit Build 19041 (10.0.19041.3636)
OS uptime: 0 days 6:58 hours

CPU: total 8 (initial active 8) (4 cores per cpu, 2 threads per core) family 6 model 158 stepping 9 microcode 0xb4, cx8, cmov, fxsr, ht, mmx, 3dnowpref, sse, sse2, sse3, ssse3, sse4.1, sse4.2, popcnt, lzcnt, tsc, tscinvbit, avx, avx2, aes, erms, clmul, bmi1, bmi2, adx, fma, vzeroupper, clflush, clflushopt

Memory: 4k page, system-wide physical 16267M (9191M free)
TotalPageFile size 21131M (AvailPageFile size 11446M)
current process WorkingSet (physical memory assigned to process): 199M, peak: 202M
current process commit charge ("private bytes"): 413M, peak: 415M

vm_info: Java HotSpot(TM) 64-Bit Server VM (17.0.7+8-LTS-224) for windows-amd64 JRE (17.0.7+8-LTS-224), built on Feb 28 2023 23:03:02 by "mach5one" with MS VC++ 17.1 (VS2022)

END.
